This file contains any messages produced by compilers while
running configure, to aid debugging if configure makes a mistake.

It was created by tcl configure 8.6, which was
generated by GNU Autoconf 2.59.  Invocation command line was

  $ ./configure 

## --------- ##
## Platform. ##
## --------- ##

hostname = manuel-Latitude-E6420
uname -m = x86_64
uname -r = 5.15.0-125-generic
uname -s = Linux
uname -v = #135~20.04.1-Ubuntu SMP Mon Oct 7 13:56:22 UTC 2024

/usr/bin/uname -p = x86_64
/bin/uname -X     = unknown

/bin/arch              = x86_64
/usr/bin/arch -k       = unknown
/usr/convex/getsysinfo = unknown
hostinfo               = unknown
/bin/machine           = unknown
/usr/bin/oslevel       = unknown
/bin/universe          = unknown

PATH: /home/manuel/.local/bin
PATH: /home/manuel/.local/bin
PATH: /usr/share/rvm/gems/ruby-3.2.2/bin
PATH: /usr/share/rvm/gems/ruby-3.2.2@global/bin
PATH: /usr/share/rvm/rubies/ruby-3.2.2/bin
PATH: /usr/local/sbin
PATH: /usr/local/bin
PATH: /usr/sbin
PATH: /usr/bin
PATH: /sbin
PATH: /bin
PATH: /usr/games
PATH: /usr/local/games
PATH: /snap/bin
PATH: /usr/share/rvm/bin


## ----------- ##
## Core tests. ##
## ----------- ##

configure:1383: checking whether to use symlinks for manpages
configure:1392: result: no
configure:1395: checking whether to compress the manpages
configure:1410: result: no
configure:1424: checking whether to add a package name suffix for the manpages
configure:1437: result: no
configure:1499: checking for gcc
configure:1515: found /usr/bin/gcc
configure:1525: result: gcc
configure:1769: checking for C compiler version
configure:1772: gcc --version </dev/null >&5
gcc (Ubuntu 9.4.0-1ubuntu1~20.04.2) 9.4.0
Copyright (C) 2019 Free Software Foundation, Inc.
This is free software; see the source for copying conditions.  There is NO
warranty; not even for MERCHANTABILITY or FITNESS FOR A PARTICULAR PURPOSE.

configure:1775: $? = 0
configure:1777: gcc -v </dev/null >&5
Using built-in specs.
COLLECT_GCC=gcc
COLLECT_LTO_WRAPPER=/usr/lib/gcc/x86_64-linux-gnu/9/lto-wrapper
OFFLOAD_TARGET_NAMES=nvptx-none:hsa
OFFLOAD_TARGET_DEFAULT=1
Target: x86_64-linux-gnu
Configured with: ../src/configure -v --with-pkgversion='Ubuntu 9.4.0-1ubuntu1~20.04.2' --with-bugurl=file:///usr/share/doc/gcc-9/README.Bugs --enable-languages=c,ada,c++,go,brig,d,fortran,objc,obj-c++,gm2 --prefix=/usr --with-gcc-major-version-only --program-suffix=-9 --program-prefix=x86_64-linux-gnu- --enable-shared --enable-linker-build-id --libexecdir=/usr/lib --without-included-gettext --enable-threads=posix --libdir=/usr/lib --enable-nls --enable-clocale=gnu --enable-libstdcxx-debug --enable-libstdcxx-time=yes --with-default-libstdcxx-abi=new --enable-gnu-unique-object --disable-vtable-verify --enable-plugin --enable-default-pie --with-system-zlib --with-target-system-zlib=auto --enable-objc-gc=auto --enable-multiarch --disable-werror --with-arch-32=i686 --with-abi=m64 --with-multilib-list=m32,m64,mx32 --enable-multilib --with-tune=generic --enable-offload-targets=nvptx-none=/build/gcc-9-9QDOt0/gcc-9-9.4.0/debian/tmp-nvptx/usr,hsa --without-cuda-driver --enable-checking=release --build=x86_64-linux-gnu --host=x86_64-linux-gnu --target=x86_64-linux-gnu
Thread model: posix
gcc version 9.4.0 (Ubuntu 9.4.0-1ubuntu1~20.04.2) 
configure:1780: $? = 0
configure:1782: gcc -V </dev/null >&5
gcc: error: unrecognized command line option '-V'
gcc: fatal error: no input files
compilation terminated.
configure:1785: $? = 1
configure:1808: checking for C compiler default output file name
configure:1811: gcc    conftest.c  >&5
configure:1814: $? = 0
configure:1860: result: a.out
configure:1865: checking whether the C compiler works
configure:1871: ./a.out
configure:1874: $? = 0
configure:1891: result: yes
configure:1898: checking whether we are cross compiling
configure:1900: result: no
configure:1903: checking for suffix of executables
configure:1905: gcc -o conftest    conftest.c  >&5
configure:1908: $? = 0
configure:1933: result: 
configure:1939: checking for suffix of object files
configure:1960: gcc -c   conftest.c >&5
configure:1963: $? = 0
configure:1985: result: o
configure:1989: checking whether we are using the GNU C compiler
configure:2013: gcc -c   conftest.c >&5
configure:2019: $? = 0
configure:2023: test -z 
			 || test ! -s conftest.err
configure:2026: $? = 0
configure:2029: test -s conftest.o
configure:2032: $? = 0
configure:2045: result: yes
configure:2051: checking whether gcc accepts -g
configure:2072: gcc -c -g  conftest.c >&5
configure:2078: $? = 0
configure:2082: test -z 
			 || test ! -s conftest.err
configure:2085: $? = 0
configure:2088: test -s conftest.o
configure:2091: $? = 0
configure:2102: result: yes
configure:2119: checking for gcc option to accept ANSI C
configure:2189: gcc  -c   conftest.c >&5
configure:2195: $? = 0
configure:2199: test -z 
			 || test ! -s conftest.err
configure:2202: $? = 0
configure:2205: test -s conftest.o
configure:2208: $? = 0
configure:2226: result: none needed
configure:2244: gcc -c   conftest.c >&5
conftest.c:2:3: error: unknown type name 'choke'
    2 |   choke me
      |   ^~~~~
conftest.c:2:3: error: expected '=', ',', ';', 'asm' or '__attribute__' at end of input
configure:2250: $? = 1
configure: failed program was:
| #ifndef __cplusplus
|   choke me
| #endif
configure:2384: checking for inline
configure:2405: gcc -c   conftest.c >&5
configure:2411: $? = 0
configure:2415: test -z 
			 || test ! -s conftest.err
configure:2418: $? = 0
configure:2421: test -s conftest.o
configure:2424: $? = 0
configure:2436: result: inline
configure:2470: checking how to run the C preprocessor
configure:2505: gcc -E  conftest.c
configure:2511: $? = 0
configure:2543: gcc -E  conftest.c
conftest.c:9:10: fatal error: ac_nonexistent.h: No such file or directory
    9 | #include <ac_nonexistent.h>
      |          ^~~~~~~~~~~~~~~~~~
compilation terminated.
configure:2549: $? = 1
configure: failed program was:
| /* confdefs.h.  */
| 
| #define PACKAGE_NAME "tcl"
| #define PACKAGE_TARNAME "tcl"
| #define PACKAGE_VERSION "8.6"
| #define PACKAGE_STRING "tcl 8.6"
| #define PACKAGE_BUGREPORT ""
| /* end confdefs.h.  */
| #include <ac_nonexistent.h>
configure:2588: result: gcc -E
configure:2612: gcc -E  conftest.c
configure:2618: $? = 0
configure:2650: gcc -E  conftest.c
conftest.c:9:10: fatal error: ac_nonexistent.h: No such file or directory
    9 | #include <ac_nonexistent.h>
      |          ^~~~~~~~~~~~~~~~~~
compilation terminated.
configure:2656: $? = 1
configure: failed program was:
| /* confdefs.h.  */
| 
| #define PACKAGE_NAME "tcl"
| #define PACKAGE_TARNAME "tcl"
| #define PACKAGE_VERSION "8.6"
| #define PACKAGE_STRING "tcl 8.6"
| #define PACKAGE_BUGREPORT ""
| /* end confdefs.h.  */
| #include <ac_nonexistent.h>
configure:2700: checking for egrep
configure:2710: result: grep -E
configure:2715: checking for ANSI C header files
configure:2740: gcc -c   conftest.c >&5
configure:2746: $? = 0
configure:2750: test -z 
			 || test ! -s conftest.err
configure:2753: $? = 0
configure:2756: test -s conftest.o
configure:2759: $? = 0
configure:2848: gcc -o conftest    conftest.c  >&5
conftest.c: In function 'main':
conftest.c:26:7: warning: implicit declaration of function 'exit' [-Wimplicit-function-declaration]
   26 |       exit(2);
      |       ^~~~
conftest.c:26:7: warning: incompatible implicit declaration of built-in function 'exit'
conftest.c:10:1: note: include '<stdlib.h>' or provide a declaration of 'exit'
    9 | #include <ctype.h>
  +++ |+#include <stdlib.h>
   10 | #if ((' ' & 0x0FF) == 0x020)
conftest.c:27:3: warning: incompatible implicit declaration of built-in function 'exit'
   27 |   exit (0);
      |   ^~~~
conftest.c:27:3: note: include '<stdlib.h>' or provide a declaration of 'exit'
configure:2851: $? = 0
configure:2853: ./conftest
configure:2856: $? = 0
configure:2871: result: yes
configure:2895: checking for sys/types.h
configure:2911: gcc -c   conftest.c >&5
configure:2917: $? = 0
configure:2921: test -z 
			 || test ! -s conftest.err
configure:2924: $? = 0
configure:2927: test -s conftest.o
configure:2930: $? = 0
configure:2941: result: yes
configure:2895: checking for sys/stat.h
configure:2911: gcc -c   conftest.c >&5
configure:2917: $? = 0
configure:2921: test -z 
			 || test ! -s conftest.err
configure:2924: $? = 0
configure:2927: test -s conftest.o
configure:2930: $? = 0
configure:2941: result: yes
configure:2895: checking for stdlib.h
configure:2911: gcc -c   conftest.c >&5
configure:2917: $? = 0
configure:2921: test -z 
			 || test ! -s conftest.err
configure:2924: $? = 0
configure:2927: test -s conftest.o
configure:2930: $? = 0
configure:2941: result: yes
configure:2895: checking for string.h
configure:2911: gcc -c   conftest.c >&5
configure:2917: $? = 0
configure:2921: test -z 
			 || test ! -s conftest.err
configure:2924: $? = 0
configure:2927: test -s conftest.o
configure:2930: $? = 0
configure:2941: result: yes
configure:2895: checking for memory.h
configure:2911: gcc -c   conftest.c >&5
configure:2917: $? = 0
configure:2921: test -z 
			 || test ! -s conftest.err
configure:2924: $? = 0
configure:2927: test -s conftest.o
configure:2930: $? = 0
configure:2941: result: yes
configure:2895: checking for strings.h
configure:2911: gcc -c   conftest.c >&5
configure:2917: $? = 0
configure:2921: test -z 
			 || test ! -s conftest.err
configure:2924: $? = 0
configure:2927: test -s conftest.o
configure:2930: $? = 0
configure:2941: result: yes
configure:2895: checking for inttypes.h
configure:2911: gcc -c   conftest.c >&5
configure:2917: $? = 0
configure:2921: test -z 
			 || test ! -s conftest.err
configure:2924: $? = 0
configure:2927: test -s conftest.o
configure:2930: $? = 0
configure:2941: result: yes
configure:2895: checking for stdint.h
configure:2911: gcc -c   conftest.c >&5
configure:2917: $? = 0
configure:2921: test -z 
			 || test ! -s conftest.err
configure:2924: $? = 0
configure:2927: test -s conftest.o
configure:2930: $? = 0
configure:2941: result: yes
configure:2895: checking for unistd.h
configure:2911: gcc -c   conftest.c >&5
configure:2917: $? = 0
configure:2921: test -z 
			 || test ! -s conftest.err
configure:2924: $? = 0
configure:2927: test -s conftest.o
configure:2930: $? = 0
configure:2941: result: yes
configure:2954: checking dirent.h
configure:2995: gcc -o conftest    conftest.c  >&5
configure:3001: $? = 0
configure:3005: test -z 
			 || test ! -s conftest.err
configure:3008: $? = 0
configure:3011: test -s conftest
configure:3014: $? = 0
configure:3026: result: yes
configure:3047: checking float.h usability
configure:3059: gcc -c   conftest.c >&5
configure:3065: $? = 0
configure:3069: test -z 
			 || test ! -s conftest.err
configure:3072: $? = 0
configure:3075: test -s conftest.o
configure:3078: $? = 0
configure:3088: result: yes
configure:3092: checking float.h presence
configure:3102: gcc -E  conftest.c
configure:3108: $? = 0
configure:3128: result: yes
configure:3163: checking for float.h
configure:3170: result: yes
configure:3195: checking values.h usability
configure:3207: gcc -c   conftest.c >&5
configure:3213: $? = 0
configure:3217: test -z 
			 || test ! -s conftest.err
configure:3220: $? = 0
configure:3223: test -s conftest.o
configure:3226: $? = 0
configure:3236: result: yes
configure:3240: checking values.h presence
configure:3250: gcc -E  conftest.c
configure:3256: $? = 0
configure:3276: result: yes
configure:3311: checking for values.h
configure:3318: result: yes
configure:3334: checking for stdlib.h
configure:3339: result: yes
configure:3536: checking for string.h
configure:3541: result: yes
configure:3735: checking sys/wait.h usability
configure:3747: gcc -c   conftest.c >&5
configure:3753: $? = 0
configure:3757: test -z 
			 || test ! -s conftest.err
configure:3760: $? = 0
configure:3763: test -s conftest.o
configure:3766: $? = 0
configure:3776: result: yes
configure:3780: checking sys/wait.h presence
configure:3790: gcc -E  conftest.c
configure:3796: $? = 0
configure:3816: result: yes
configure:3851: checking for sys/wait.h
configure:3858: result: yes
configure:3883: checking dlfcn.h usability
configure:3895: gcc -c   conftest.c >&5
configure:3901: $? = 0
configure:3905: test -z 
			 || test ! -s conftest.err
configure:3908: $? = 0
configure:3911: test -s conftest.o
configure:3914: $? = 0
configure:3924: result: yes
configure:3928: checking dlfcn.h presence
configure:3938: gcc -E  conftest.c
configure:3944: $? = 0
configure:3964: result: yes
configure:3999: checking for dlfcn.h
configure:4006: result: yes
configure:4037: checking sys/param.h usability
configure:4049: gcc -c   conftest.c >&5
configure:4055: $? = 0
configure:4059: test -z 
			 || test ! -s conftest.err
configure:4062: $? = 0
configure:4065: test -s conftest.o
configure:4068: $? = 0
configure:4078: result: yes
configure:4082: checking sys/param.h presence
configure:4092: gcc -E  conftest.c
configure:4098: $? = 0
configure:4118: result: yes
configure:4153: checking for sys/param.h
configure:4160: result: yes
configure:4187: checking if the compiler understands -pipe
configure:4210: gcc -c  -pipe  conftest.c >&5
configure:4216: $? = 0
configure:4220: test -z 
			 || test ! -s conftest.err
configure:4223: $? = 0
configure:4226: test -s conftest.o
configure:4229: $? = 0
configure:4241: result: yes
configure:4291: checking for pthread_mutex_init in -lpthread
configure:4321: gcc -o conftest  -pipe   conftest.c -lpthread   >&5
configure:4327: $? = 0
configure:4331: test -z 
			 || test ! -s conftest.err
configure:4334: $? = 0
configure:4337: test -s conftest
configure:4340: $? = 0
configure:4353: result: yes
configure:4680: checking for pthread_attr_setstacksize
configure:4737: gcc -o conftest  -pipe   conftest.c   -lpthread >&5
configure:4743: $? = 0
configure:4747: test -z 
			 || test ! -s conftest.err
configure:4750: $? = 0
configure:4753: test -s conftest
configure:4756: $? = 0
configure:4768: result: yes
configure:4680: checking for pthread_atfork
configure:4737: gcc -o conftest  -pipe   conftest.c   -lpthread >&5
configure:4743: $? = 0
configure:4747: test -z 
			 || test ! -s conftest.err
configure:4750: $? = 0
configure:4753: test -s conftest
configure:4756: $? = 0
configure:4768: result: yes
configure:4783: checking for building with threads
configure:4795: result: yes
configure:4843: checking for sin
configure:4900: gcc -o conftest  -pipe   conftest.c  >&5
conftest.c:51:6: warning: conflicting types for built-in function 'sin'; expected 'double(double)' [-Wbuiltin-declaration-mismatch]
   51 | char sin ();
      |      ^~~
conftest.c:38:1: note: 'sin' is declared in header '<math.h>'
   37 | # include <limits.h>
   38 | #else
/usr/bin/ld: /tmp/ccojtIUr.o: in function `main':
conftest.c:(.text+0x12): undefined reference to `sin'
/usr/bin/ld: /tmp/ccojtIUr.o:(.data.rel+0x0): undefined reference to `sin'
collect2: error: ld returned 1 exit status
configure:4906: $? = 1
configure: failed program was:
| /* confdefs.h.  */
| 
| #define PACKAGE_NAME "tcl"
| #define PACKAGE_TARNAME "tcl"
| #define PACKAGE_VERSION "8.6"
| #define PACKAGE_STRING "tcl 8.6"
| #define PACKAGE_BUGREPORT ""
| #define STDC_HEADERS 1
| #define HAVE_SYS_TYPES_H 1
| #define HAVE_SYS_STAT_H 1
| #define HAVE_STDLIB_H 1
| #define HAVE_STRING_H 1
| #define HAVE_MEMORY_H 1
| #define HAVE_STRINGS_H 1
| #define HAVE_INTTYPES_H 1
| #define HAVE_STDINT_H 1
| #define HAVE_UNISTD_H 1
| #define HAVE_SYS_PARAM_H 1
| #define USE_THREAD_ALLOC 1
| #define _REENTRANT 1
| #define _THREAD_SAFE 1
| #define HAVE_PTHREAD_ATTR_SETSTACKSIZE 1
| #define HAVE_PTHREAD_ATFORK 1
| #define TCL_THREADS 1
| #define TCL_CFGVAL_ENCODING "iso8859-1"
| /* end confdefs.h.  */
| /* Define sin to an innocuous variant, in case <limits.h> declares sin.
|    For example, HP-UX 11i <limits.h> declares gettimeofday.  */
| #define sin innocuous_sin
| 
| /* System header to define __stub macros and hopefully few prototypes,
|     which can conflict with char sin (); below.
|     Prefer <limits.h> to <assert.h> if __STDC__ is defined, since
|     <limits.h> exists even on freestanding compilers.  */
| 
| #ifdef __STDC__
| # include <limits.h>
| #else
| # include <assert.h>
| #endif
| 
| #undef sin
| 
| /* Override any gcc2 internal prototype to avoid an error.  */
| #ifdef __cplusplus
| extern "C"
| {
| #endif
| /* We use char because int might match the return type of a gcc2
|    builtin and then its argument prototype would still apply.  */
| char sin ();
| /* The GNU C library defines this for functions which it implements
|     to always fail with ENOSYS.  Some functions are actually named
|     something starting with __ and the normal name is an alias.  */
| #if defined (__stub_sin) || defined (__stub___sin)
| choke me
| #else
| char (*f) () = sin;
| #endif
| #ifdef __cplusplus
| }
| #endif
| 
| int
| main ()
| {
| return f != sin;
|   ;
|   return 0;
| }
configure:4931: result: no
configure:4945: checking for main in -linet
configure:4969: gcc -o conftest  -pipe   conftest.c -linet   >&5
/usr/bin/ld: cannot find -linet
collect2: error: ld returned 1 exit status
configure:4975: $? = 1
configure: failed program was:
| /* confdefs.h.  */
| 
| #define PACKAGE_NAME "tcl"
| #define PACKAGE_TARNAME "tcl"
| #define PACKAGE_VERSION "8.6"
| #define PACKAGE_STRING "tcl 8.6"
| #define PACKAGE_BUGREPORT ""
| #define STDC_HEADERS 1
| #define HAVE_SYS_TYPES_H 1
| #define HAVE_SYS_STAT_H 1
| #define HAVE_STDLIB_H 1
| #define HAVE_STRING_H 1
| #define HAVE_MEMORY_H 1
| #define HAVE_STRINGS_H 1
| #define HAVE_INTTYPES_H 1
| #define HAVE_STDINT_H 1
| #define HAVE_UNISTD_H 1
| #define HAVE_SYS_PARAM_H 1
| #define USE_THREAD_ALLOC 1
| #define _REENTRANT 1
| #define _THREAD_SAFE 1
| #define HAVE_PTHREAD_ATTR_SETSTACKSIZE 1
| #define HAVE_PTHREAD_ATFORK 1
| #define TCL_THREADS 1
| #define TCL_CFGVAL_ENCODING "iso8859-1"
| /* end confdefs.h.  */
| 
| 
| int
| main ()
| {
| main ();
|   ;
|   return 0;
| }
configure:5001: result: no
configure:5017: checking net/errno.h usability
configure:5029: gcc -c  -pipe  conftest.c >&5
conftest.c:61:10: fatal error: net/errno.h: No such file or directory
   61 | #include <net/errno.h>
      |          ^~~~~~~~~~~~~
compilation terminated.
configure:5035: $? = 1
configure: failed program was:
| /* confdefs.h.  */
| 
| #define PACKAGE_NAME "tcl"
| #define PACKAGE_TARNAME "tcl"
| #define PACKAGE_VERSION "8.6"
| #define PACKAGE_STRING "tcl 8.6"
| #define PACKAGE_BUGREPORT ""
| #define STDC_HEADERS 1
| #define HAVE_SYS_TYPES_H 1
| #define HAVE_SYS_STAT_H 1
| #define HAVE_STDLIB_H 1
| #define HAVE_STRING_H 1
| #define HAVE_MEMORY_H 1
| #define HAVE_STRINGS_H 1
| #define HAVE_INTTYPES_H 1
| #define HAVE_STDINT_H 1
| #define HAVE_UNISTD_H 1
| #define HAVE_SYS_PARAM_H 1
| #define USE_THREAD_ALLOC 1
| #define _REENTRANT 1
| #define _THREAD_SAFE 1
| #define HAVE_PTHREAD_ATTR_SETSTACKSIZE 1
| #define HAVE_PTHREAD_ATFORK 1
| #define TCL_THREADS 1
| #define TCL_CFGVAL_ENCODING "iso8859-1"
| /* end confdefs.h.  */
| #include <stdio.h>
| #if HAVE_SYS_TYPES_H
| # include <sys/types.h>
| #endif
| #if HAVE_SYS_STAT_H
| # include <sys/stat.h>
| #endif
| #if STDC_HEADERS
| # include <stdlib.h>
| # include <stddef.h>
| #else
| # if HAVE_STDLIB_H
| #  include <stdlib.h>
| # endif
| #endif
| #if HAVE_STRING_H
| # if !STDC_HEADERS && HAVE_MEMORY_H
| #  include <memory.h>
| # endif
| # include <string.h>
| #endif
| #if HAVE_STRINGS_H
| # include <strings.h>
| #endif
| #if HAVE_INTTYPES_H
| # include <inttypes.h>
| #else
| # if HAVE_STDINT_H
| #  include <stdint.h>
| # endif
| #endif
| #if HAVE_UNISTD_H
| # include <unistd.h>
| #endif
| #include <net/errno.h>
configure:5058: result: no
configure:5062: checking net/errno.h presence
configure:5072: gcc -E  conftest.c
conftest.c:27:10: fatal error: net/errno.h: No such file or directory
   27 | #include <net/errno.h>
      |          ^~~~~~~~~~~~~
compilation terminated.
configure:5078: $? = 1
configure: failed program was:
| /* confdefs.h.  */
| 
| #define PACKAGE_NAME "tcl"
| #define PACKAGE_TARNAME "tcl"
| #define PACKAGE_VERSION "8.6"
| #define PACKAGE_STRING "tcl 8.6"
| #define PACKAGE_BUGREPORT ""
| #define STDC_HEADERS 1
| #define HAVE_SYS_TYPES_H 1
| #define HAVE_SYS_STAT_H 1
| #define HAVE_STDLIB_H 1
| #define HAVE_STRING_H 1
| #define HAVE_MEMORY_H 1
| #define HAVE_STRINGS_H 1
| #define HAVE_INTTYPES_H 1
| #define HAVE_STDINT_H 1
| #define HAVE_UNISTD_H 1
| #define HAVE_SYS_PARAM_H 1
| #define USE_THREAD_ALLOC 1
| #define _REENTRANT 1
| #define _THREAD_SAFE 1
| #define HAVE_PTHREAD_ATTR_SETSTACKSIZE 1
| #define HAVE_PTHREAD_ATFORK 1
| #define TCL_THREADS 1
| #define TCL_CFGVAL_ENCODING "iso8859-1"
| /* end confdefs.h.  */
| #include <net/errno.h>
configure:5098: result: no
configure:5133: checking for net/errno.h
configure:5140: result: no
configure:5174: checking for connect
configure:5231: gcc -o conftest  -pipe   conftest.c  >&5
configure:5237: $? = 0
configure:5241: test -z 
			 || test ! -s conftest.err
configure:5244: $? = 0
configure:5247: test -s conftest
configure:5250: $? = 0
configure:5262: result: yes
configure:5537: checking for gethostbyname
configure:5594: gcc -o conftest  -pipe   conftest.c  >&5
configure:5600: $? = 0
configure:5604: test -z 
			 || test ! -s conftest.err
configure:5607: $? = 0
configure:5610: test -s conftest
configure:5613: $? = 0
configure:5625: result: yes
configure:5706: checking how to build libraries
configure:5716: result: shared
configure:5739: checking for tclsh
configure:5763: result: /usr/bin/tclsh8.6
configure:5792: checking zlib.h usability
configure:5804: gcc -c  -pipe  conftest.c >&5
configure:5810: $? = 0
configure:5814: test -z 
			 || test ! -s conftest.err
configure:5817: $? = 0
configure:5820: test -s conftest.o
configure:5823: $? = 0
configure:5833: result: yes
configure:5837: checking zlib.h presence
configure:5847: gcc -E  conftest.c
configure:5853: $? = 0
configure:5873: result: yes
configure:5908: checking for zlib.h
configure:5915: result: yes
configure:5921: checking for gz_header
configure:5946: gcc -c  -pipe  conftest.c >&5
configure:5952: $? = 0
configure:5956: test -z 
			 || test ! -s conftest.err
configure:5959: $? = 0
configure:5962: test -s conftest.o
configure:5965: $? = 0
configure:5976: result: yes
configure:5992: checking for library containing deflateSetHeader
configure:6022: gcc -o conftest  -pipe   conftest.c  -lpthread >&5
/usr/bin/ld: /tmp/cc92uLuc.o: in function `main':
conftest.c:(.text+0xe): undefined reference to `deflateSetHeader'
collect2: error: ld returned 1 exit status
configure:6028: $? = 1
configure: failed program was:
| /* confdefs.h.  */
| 
| #define PACKAGE_NAME "tcl"
| #define PACKAGE_TARNAME "tcl"
| #define PACKAGE_VERSION "8.6"
| #define PACKAGE_STRING "tcl 8.6"
| #define PACKAGE_BUGREPORT ""
| #define STDC_HEADERS 1
| #define HAVE_SYS_TYPES_H 1
| #define HAVE_SYS_STAT_H 1
| #define HAVE_STDLIB_H 1
| #define HAVE_STRING_H 1
| #define HAVE_MEMORY_H 1
| #define HAVE_STRINGS_H 1
| #define HAVE_INTTYPES_H 1
| #define HAVE_STDINT_H 1
| #define HAVE_UNISTD_H 1
| #define HAVE_SYS_PARAM_H 1
| #define USE_THREAD_ALLOC 1
| #define _REENTRANT 1
| #define _THREAD_SAFE 1
| #define HAVE_PTHREAD_ATTR_SETSTACKSIZE 1
| #define HAVE_PTHREAD_ATFORK 1
| #define TCL_THREADS 1
| #define TCL_CFGVAL_ENCODING "iso8859-1"
| /* end confdefs.h.  */
| 
| /* Override any gcc2 internal prototype to avoid an error.  */
| #ifdef __cplusplus
| extern "C"
| #endif
| /* We use char because int might match the return type of a gcc2
|    builtin and then its argument prototype would still apply.  */
| char deflateSetHeader ();
| int
| main ()
| {
| deflateSetHeader ();
|   ;
|   return 0;
| }
configure:6077: gcc -o conftest  -pipe   conftest.c -lz   -lpthread >&5
configure:6083: $? = 0
configure:6087: test -z 
			 || test ! -s conftest.err
configure:6090: $? = 0
configure:6093: test -s conftest
configure:6096: $? = 0
configure:6111: result: -lz
configure:6188: checking for ranlib
configure:6204: found /usr/bin/ranlib
configure:6215: result: ranlib
configure:6231: checking if 64bit support is requested
configure:6240: result: no
configure:6245: checking if 64bit Sparc VIS support is requested
configure:6254: result: no
configure:6265: checking if compiler supports visibility "hidden"
configure:6290: gcc -o conftest  -pipe -Werror   conftest.c -lz  -lpthread >&5
configure:6296: $? = 0
configure:6300: test -z 
			 || test ! -s conftest.err
configure:6303: $? = 0
configure:6306: test -s conftest
configure:6309: $? = 0
configure:6322: result: yes
configure:6342: checking if rpath support is requested
configure:6351: result: yes
configure:6358: checking system version
configure:6389: result: Linux-5.15.0-125-generic
configure:6397: checking for dlopen in -ldl
configure:6427: gcc -o conftest  -pipe   conftest.c -ldl  -lz  -lpthread >&5
configure:6433: $? = 0
configure:6437: test -z 
			 || test ! -s conftest.err
configure:6440: $? = 0
configure:6443: test -s conftest
configure:6446: $? = 0
configure:6459: result: yes
configure:6540: checking for ar
configure:6556: found /usr/bin/ar
configure:6566: result: ar
configure:8852: checking for cast to union support
configure:8876: gcc -c  -pipe  conftest.c >&5
configure:8882: $? = 0
configure:8886: test -z 
			 || test ! -s conftest.err
configure:8889: $? = 0
configure:8892: test -s conftest.o
configure:8895: $? = 0
configure:8907: result: yes
configure:8917: checking for working -fno-lto
configure:8938: gcc -c  -pipe -fno-lto  conftest.c >&5
configure:8944: $? = 0
configure:8948: test -z 
			 || test ! -s conftest.err
configure:8951: $? = 0
configure:8954: test -s conftest.o
configure:8957: $? = 0
configure:8969: result: yes
configure:9021: checking for build with symbols
configure:9039: result: no
configure:9105: checking for required early compiler flags
configure:9128: gcc -c  -pipe  conftest.c >&5
configure:9134: $? = 0
configure:9138: test -z 
			 || test ! -s conftest.err
configure:9141: $? = 0
configure:9144: test -s conftest.o
configure:9147: $? = 0
configure:9233: gcc -c  -pipe  conftest.c >&5
conftest.c: In function 'main':
conftest.c:40:15: error: storage size of 'buf' isn't known
   40 | struct stat64 buf; int i = stat64("/", &buf);
      |               ^~~
conftest.c:40:28: warning: implicit declaration of function 'stat64'; did you mean 'stat'? [-Wimplicit-function-declaration]
   40 | struct stat64 buf; int i = stat64("/", &buf);
      |                            ^~~~~~
      |                            stat
configure:9239: $? = 1
configure: failed program was:
| /* confdefs.h.  */
| 
| #define PACKAGE_NAME "tcl"
| #define PACKAGE_TARNAME "tcl"
| #define PACKAGE_VERSION "8.6"
| #define PACKAGE_STRING "tcl 8.6"
| #define PACKAGE_BUGREPORT ""
| #define STDC_HEADERS 1
| #define HAVE_SYS_TYPES_H 1
| #define HAVE_SYS_STAT_H 1
| #define HAVE_STDLIB_H 1
| #define HAVE_STRING_H 1
| #define HAVE_MEMORY_H 1
| #define HAVE_STRINGS_H 1
| #define HAVE_INTTYPES_H 1
| #define HAVE_STDINT_H 1
| #define HAVE_UNISTD_H 1
| #define HAVE_SYS_PARAM_H 1
| #define USE_THREAD_ALLOC 1
| #define _REENTRANT 1
| #define _THREAD_SAFE 1
| #define HAVE_PTHREAD_ATTR_SETSTACKSIZE 1
| #define HAVE_PTHREAD_ATFORK 1
| #define TCL_THREADS 1
| #define TCL_CFGVAL_ENCODING "iso8859-1"
| #define HAVE_ZLIB 1
| #define MODULE_SCOPE extern __attribute__((__visibility__("hidden")))
| #define HAVE_HIDDEN 1
| #define HAVE_CAST_TO_UNION 1
| #define TCL_SHLIB_EXT ".so"
| #define NDEBUG 1
| #define TCL_CFG_OPTIMIZED 1
| #define TCL_TOMMATH 1
| #define MP_PREC 4
| /* end confdefs.h.  */
| #include <sys/stat.h>
| int
| main ()
| {
| struct stat64 buf; int i = stat64("/", &buf);
|   ;
|   return 0;
| }
configure:9276: gcc -c  -pipe  conftest.c >&5
configure:9282: $? = 0
configure:9286: test -z 
			 || test ! -s conftest.err
configure:9289: $? = 0
configure:9292: test -s conftest.o
configure:9295: $? = 0
configure:9338: gcc -c  -pipe  conftest.c >&5
conftest.c: In function 'main':
conftest.c:41:19: error: 'open64' undeclared (first use in this function)
   41 | char *p = (char *)open64;
      |                   ^~~~~~
conftest.c:41:19: note: each undeclared identifier is reported only once for each function it appears in
configure:9344: $? = 1
configure: failed program was:
| /* confdefs.h.  */
| 
| #define PACKAGE_NAME "tcl"
| #define PACKAGE_TARNAME "tcl"
| #define PACKAGE_VERSION "8.6"
| #define PACKAGE_STRING "tcl 8.6"
| #define PACKAGE_BUGREPORT ""
| #define STDC_HEADERS 1
| #define HAVE_SYS_TYPES_H 1
| #define HAVE_SYS_STAT_H 1
| #define HAVE_STDLIB_H 1
| #define HAVE_STRING_H 1
| #define HAVE_MEMORY_H 1
| #define HAVE_STRINGS_H 1
| #define HAVE_INTTYPES_H 1
| #define HAVE_STDINT_H 1
| #define HAVE_UNISTD_H 1
| #define HAVE_SYS_PARAM_H 1
| #define USE_THREAD_ALLOC 1
| #define _REENTRANT 1
| #define _THREAD_SAFE 1
| #define HAVE_PTHREAD_ATTR_SETSTACKSIZE 1
| #define HAVE_PTHREAD_ATFORK 1
| #define TCL_THREADS 1
| #define TCL_CFGVAL_ENCODING "iso8859-1"
| #define HAVE_ZLIB 1
| #define MODULE_SCOPE extern __attribute__((__visibility__("hidden")))
| #define HAVE_HIDDEN 1
| #define HAVE_CAST_TO_UNION 1
| #define TCL_SHLIB_EXT ".so"
| #define NDEBUG 1
| #define TCL_CFG_OPTIMIZED 1
| #define TCL_TOMMATH 1
| #define MP_PREC 4
| #define _LARGEFILE64_SOURCE 1
| /* end confdefs.h.  */
| #include <sys/stat.h>
| int
| main ()
| {
| char *p = (char *)open64;
|   ;
|   return 0;
| }
configure:9381: gcc -c  -pipe  conftest.c >&5
conftest.c: In function 'main':
conftest.c:42:19: error: 'open64' undeclared (first use in this function)
   42 | char *p = (char *)open64;
      |                   ^~~~~~
conftest.c:42:19: note: each undeclared identifier is reported only once for each function it appears in
configure:9387: $? = 1
configure: failed program was:
| /* confdefs.h.  */
| 
| #define PACKAGE_NAME "tcl"
| #define PACKAGE_TARNAME "tcl"
| #define PACKAGE_VERSION "8.6"
| #define PACKAGE_STRING "tcl 8.6"
| #define PACKAGE_BUGREPORT ""
| #define STDC_HEADERS 1
| #define HAVE_SYS_TYPES_H 1
| #define HAVE_SYS_STAT_H 1
| #define HAVE_STDLIB_H 1
| #define HAVE_STRING_H 1
| #define HAVE_MEMORY_H 1
| #define HAVE_STRINGS_H 1
| #define HAVE_INTTYPES_H 1
| #define HAVE_STDINT_H 1
| #define HAVE_UNISTD_H 1
| #define HAVE_SYS_PARAM_H 1
| #define USE_THREAD_ALLOC 1
| #define _REENTRANT 1
| #define _THREAD_SAFE 1
| #define HAVE_PTHREAD_ATTR_SETSTACKSIZE 1
| #define HAVE_PTHREAD_ATFORK 1
| #define TCL_THREADS 1
| #define TCL_CFGVAL_ENCODING "iso8859-1"
| #define HAVE_ZLIB 1
| #define MODULE_SCOPE extern __attribute__((__visibility__("hidden")))
| #define HAVE_HIDDEN 1
| #define HAVE_CAST_TO_UNION 1
| #define TCL_SHLIB_EXT ".so"
| #define NDEBUG 1
| #define TCL_CFG_OPTIMIZED 1
| #define TCL_TOMMATH 1
| #define MP_PREC 4
| #define _LARGEFILE64_SOURCE 1
| /* end confdefs.h.  */
| #define _LARGEFILE_SOURCE64 1
| #include <sys/stat.h>
| int
| main ()
| {
| char *p = (char *)open64;
|   ;
|   return 0;
| }
configure:9427: result:  _LARGEFILE64_SOURCE
configure:9433: checking for 64-bit integer type
configure:9457: gcc -c  -pipe  conftest.c >&5
conftest.c: In function 'main':
conftest.c:41:1: error: unknown type name '__int64'
   41 | __int64 value = (__int64) 0;
      | ^~~~~~~
conftest.c:41:18: error: '__int64' undeclared (first use in this function)
   41 | __int64 value = (__int64) 0;
      |                  ^~~~~~~
conftest.c:41:18: note: each undeclared identifier is reported only once for each function it appears in
conftest.c:41:27: error: expected ',' or ';' before numeric constant
   41 | __int64 value = (__int64) 0;
      |                           ^
configure:9463: $? = 1
configure: failed program was:
| /* confdefs.h.  */
| 
| #define PACKAGE_NAME "tcl"
| #define PACKAGE_TARNAME "tcl"
| #define PACKAGE_VERSION "8.6"
| #define PACKAGE_STRING "tcl 8.6"
| #define PACKAGE_BUGREPORT ""
| #define STDC_HEADERS 1
| #define HAVE_SYS_TYPES_H 1
| #define HAVE_SYS_STAT_H 1
| #define HAVE_STDLIB_H 1
| #define HAVE_STRING_H 1
| #define HAVE_MEMORY_H 1
| #define HAVE_STRINGS_H 1
| #define HAVE_INTTYPES_H 1
| #define HAVE_STDINT_H 1
| #define HAVE_UNISTD_H 1
| #define HAVE_SYS_PARAM_H 1
| #define USE_THREAD_ALLOC 1
| #define _REENTRANT 1
| #define _THREAD_SAFE 1
| #define HAVE_PTHREAD_ATTR_SETSTACKSIZE 1
| #define HAVE_PTHREAD_ATFORK 1
| #define TCL_THREADS 1
| #define TCL_CFGVAL_ENCODING "iso8859-1"
| #define HAVE_ZLIB 1
| #define MODULE_SCOPE extern __attribute__((__visibility__("hidden")))
| #define HAVE_HIDDEN 1
| #define HAVE_CAST_TO_UNION 1
| #define TCL_SHLIB_EXT ".so"
| #define NDEBUG 1
| #define TCL_CFG_OPTIMIZED 1
| #define TCL_TOMMATH 1
| #define MP_PREC 4
| #define _LARGEFILE64_SOURCE 1
| /* end confdefs.h.  */
| 
| int
| main ()
| {
| __int64 value = (__int64) 0;
|   ;
|   return 0;
| }
configure:9507: gcc -c  -pipe  conftest.c >&5
conftest.c: In function 'main':
conftest.c:42:21: error: duplicate case value
   42 |             case 1: case (sizeof(long long)==sizeof(long)): ;
      |                     ^~~~
conftest.c:42:13: note: previously used here
   42 |             case 1: case (sizeof(long long)==sizeof(long)): ;
      |             ^~~~
configure:9513: $? = 1
configure: failed program was:
| /* confdefs.h.  */
| 
| #define PACKAGE_NAME "tcl"
| #define PACKAGE_TARNAME "tcl"
| #define PACKAGE_VERSION "8.6"
| #define PACKAGE_STRING "tcl 8.6"
| #define PACKAGE_BUGREPORT ""
| #define STDC_HEADERS 1
| #define HAVE_SYS_TYPES_H 1
| #define HAVE_SYS_STAT_H 1
| #define HAVE_STDLIB_H 1
| #define HAVE_STRING_H 1
| #define HAVE_MEMORY_H 1
| #define HAVE_STRINGS_H 1
| #define HAVE_INTTYPES_H 1
| #define HAVE_STDINT_H 1
| #define HAVE_UNISTD_H 1
| #define HAVE_SYS_PARAM_H 1
| #define USE_THREAD_ALLOC 1
| #define _REENTRANT 1
| #define _THREAD_SAFE 1
| #define HAVE_PTHREAD_ATTR_SETSTACKSIZE 1
| #define HAVE_PTHREAD_ATFORK 1
| #define TCL_THREADS 1
| #define TCL_CFGVAL_ENCODING "iso8859-1"
| #define HAVE_ZLIB 1
| #define MODULE_SCOPE extern __attribute__((__visibility__("hidden")))
| #define HAVE_HIDDEN 1
| #define HAVE_CAST_TO_UNION 1
| #define TCL_SHLIB_EXT ".so"
| #define NDEBUG 1
| #define TCL_CFG_OPTIMIZED 1
| #define TCL_TOMMATH 1
| #define MP_PREC 4
| #define _LARGEFILE64_SOURCE 1
| /* end confdefs.h.  */
| 
| int
| main ()
| {
| switch (0) {
|             case 1: case (sizeof(long long)==sizeof(long)): ;
|         }
|   ;
|   return 0;
| }
configure:9543: result: using long
configure:9924: checking whether byte ordering is bigendian
configure:9951: gcc -c  -pipe  conftest.c >&5
configure:9957: $? = 0
configure:9961: test -z 
			 || test ! -s conftest.err
configure:9964: $? = 0
configure:9967: test -s conftest.o
configure:9970: $? = 0
configure:9994: gcc -c  -pipe  conftest.c >&5
conftest.c: In function 'main':
conftest.c:45:2: error: unknown type name 'not'; did you mean 'ino_t'?
   45 |  not big endian
      |  ^~~
      |  ino_t
conftest.c:45:10: error: expected '=', ',', ';', 'asm' or '__attribute__' before 'endian'
   45 |  not big endian
      |          ^~~~~~
configure:10000: $? = 1
configure: failed program was:
| /* confdefs.h.  */
| 
| #define PACKAGE_NAME "tcl"
| #define PACKAGE_TARNAME "tcl"
| #define PACKAGE_VERSION "8.6"
| #define PACKAGE_STRING "tcl 8.6"
| #define PACKAGE_BUGREPORT ""
| #define STDC_HEADERS 1
| #define HAVE_SYS_TYPES_H 1
| #define HAVE_SYS_STAT_H 1
| #define HAVE_STDLIB_H 1
| #define HAVE_STRING_H 1
| #define HAVE_MEMORY_H 1
| #define HAVE_STRINGS_H 1
| #define HAVE_INTTYPES_H 1
| #define HAVE_STDINT_H 1
| #define HAVE_UNISTD_H 1
| #define HAVE_SYS_PARAM_H 1
| #define USE_THREAD_ALLOC 1
| #define _REENTRANT 1
| #define _THREAD_SAFE 1
| #define HAVE_PTHREAD_ATTR_SETSTACKSIZE 1
| #define HAVE_PTHREAD_ATFORK 1
| #define TCL_THREADS 1
| #define TCL_CFGVAL_ENCODING "iso8859-1"
| #define HAVE_ZLIB 1
| #define MODULE_SCOPE extern __attribute__((__visibility__("hidden")))
| #define HAVE_HIDDEN 1
| #define HAVE_CAST_TO_UNION 1
| #define TCL_SHLIB_EXT ".so"
| #define NDEBUG 1
| #define TCL_CFG_OPTIMIZED 1
| #define TCL_TOMMATH 1
| #define MP_PREC 4
| #define _LARGEFILE64_SOURCE 1
| #define TCL_WIDE_INT_IS_LONG 1
| /* end confdefs.h.  */
| #include <sys/types.h>
| #include <sys/param.h>
| 
| int
| main ()
| {
| #if BYTE_ORDER != BIG_ENDIAN
|  not big endian
| #endif
| 
|   ;
|   return 0;
| }
configure:10135: result: no
configure:10165: checking for getcwd
configure:10222: gcc -o conftest  -pipe   -Wl,--export-dynamic  conftest.c -lz  -lpthread >&5
configure:10228: $? = 0
configure:10232: test -z 
			 || test ! -s conftest.err
configure:10235: $? = 0
configure:10238: test -s conftest
configure:10241: $? = 0
configure:10253: result: yes
configure:10279: checking for mkstemp
configure:10336: gcc -o conftest  -pipe   -Wl,--export-dynamic  conftest.c -lz  -lpthread >&5
configure:10342: $? = 0
configure:10346: test -z 
			 || test ! -s conftest.err
configure:10349: $? = 0
configure:10352: test -s conftest
configure:10355: $? = 0
configure:10367: result: yes
configure:10279: checking for opendir
configure:10336: gcc -o conftest  -pipe   -Wl,--export-dynamic  conftest.c -lz  -lpthread >&5
configure:10342: $? = 0
configure:10346: test -z 
			 || test ! -s conftest.err
configure:10349: $? = 0
configure:10352: test -s conftest
configure:10355: $? = 0
configure:10367: result: yes
configure:10279: checking for strtol
configure:10336: gcc -o conftest  -pipe   -Wl,--export-dynamic  conftest.c -lz  -lpthread >&5
configure:10342: $? = 0
configure:10346: test -z 
			 || test ! -s conftest.err
configure:10349: $? = 0
configure:10352: test -s conftest
configure:10355: $? = 0
configure:10367: result: yes
configure:10279: checking for waitpid
configure:10336: gcc -o conftest  -pipe   -Wl,--export-dynamic  conftest.c -lz  -lpthread >&5
configure:10342: $? = 0
configure:10346: test -z 
			 || test ! -s conftest.err
configure:10349: $? = 0
configure:10352: test -s conftest
configure:10355: $? = 0
configure:10367: result: yes
configure:10387: checking for strerror
configure:10444: gcc -o conftest  -pipe   -Wl,--export-dynamic  conftest.c -lz  -lpthread >&5
configure:10450: $? = 0
configure:10454: test -z 
			 || test ! -s conftest.err
configure:10457: $? = 0
configure:10460: test -s conftest
configure:10463: $? = 0
configure:10475: result: yes
configure:10487: checking for getwd
configure:10544: gcc -o conftest  -pipe   -Wl,--export-dynamic  conftest.c -lz  -lpthread >&5
/usr/bin/ld: /tmp/cccUZbFI.o: in function `main':
conftest.c:(.text+0x12): warning: the `getwd' function is dangerous and should not be used.
configure:10550: $? = 0
configure:10554: test -z 
			 || test ! -s conftest.err
configure:10557: $? = 0
configure:10560: test -s conftest
configure:10563: $? = 0
configure:10575: result: yes
configure:10587: checking for wait3
configure:10644: gcc -o conftest  -pipe   -Wl,--export-dynamic  conftest.c -lz  -lpthread >&5
configure:10650: $? = 0
configure:10654: test -z 
			 || test ! -s conftest.err
configure:10657: $? = 0
configure:10660: test -s conftest
configure:10663: $? = 0
configure:10675: result: yes
configure:10687: checking for uname
configure:10744: gcc -o conftest  -pipe   -Wl,--export-dynamic  conftest.c -lz  -lpthread >&5
configure:10750: $? = 0
configure:10754: test -z 
			 || test ! -s conftest.err
configure:10757: $? = 0
configure:10760: test -s conftest
configure:10763: $? = 0
configure:10775: result: yes
configure:10794: checking for realpath
configure:10851: gcc -o conftest  -pipe   -Wl,--export-dynamic  conftest.c -lz  -lpthread >&5
configure:10857: $? = 0
configure:10861: test -z 
			 || test ! -s conftest.err
configure:10864: $? = 0
configure:10867: test -s conftest
configure:10870: $? = 0
configure:10882: result: yes
configure:10904: checking for getnameinfo
configure:10961: gcc -o conftest  -pipe   -Wl,--export-dynamic  conftest.c -lz  -lpthread >&5
configure:10967: $? = 0
configure:10971: test -z 
			 || test ! -s conftest.err
configure:10974: $? = 0
configure:10977: test -s conftest
configure:10980: $? = 0
configure:10992: result: yes
configure:10904: checking for getaddrinfo
configure:10961: gcc -o conftest  -pipe   -Wl,--export-dynamic  conftest.c -lz  -lpthread >&5
configure:10967: $? = 0
configure:10971: test -z 
			 || test ! -s conftest.err
configure:10974: $? = 0
configure:10977: test -s conftest
configure:10980: $? = 0
configure:10992: result: yes
configure:10904: checking for freeaddrinfo
configure:10961: gcc -o conftest  -pipe   -Wl,--export-dynamic  conftest.c -lz  -lpthread >&5
configure:10967: $? = 0
configure:10971: test -z 
			 || test ! -s conftest.err
configure:10974: $? = 0
configure:10977: test -s conftest
configure:10980: $? = 0
configure:10992: result: yes
configure:10904: checking for gai_strerror
configure:10961: gcc -o conftest  -pipe   -Wl,--export-dynamic  conftest.c -lz  -lpthread >&5
configure:10967: $? = 0
configure:10971: test -z 
			 || test ! -s conftest.err
configure:10974: $? = 0
configure:10977: test -s conftest
configure:10980: $? = 0
configure:10992: result: yes
configure:11004: checking for struct addrinfo
configure:11034: gcc -c  -pipe  conftest.c >&5
configure:11040: $? = 0
configure:11044: test -z 
			 || test ! -s conftest.err
configure:11047: $? = 0
configure:11050: test -s conftest.o
configure:11053: $? = 0
configure:11064: result: yes
configure:11076: checking for struct in6_addr
configure:11106: gcc -c  -pipe  conftest.c >&5
configure:11112: $? = 0
configure:11116: test -z 
			 || test ! -s conftest.err
configure:11119: $? = 0
configure:11122: test -s conftest.o
configure:11125: $? = 0
configure:11136: result: yes
configure:11148: checking for struct sockaddr_in6
configure:11178: gcc -c  -pipe  conftest.c >&5
configure:11184: $? = 0
configure:11188: test -z 
			 || test ! -s conftest.err
configure:11191: $? = 0
configure:11194: test -s conftest.o
configure:11197: $? = 0
configure:11208: result: yes
configure:11220: checking for struct sockaddr_storage
configure:11250: gcc -c  -pipe  conftest.c >&5
configure:11256: $? = 0
configure:11260: test -z 
			 || test ! -s conftest.err
configure:11263: $? = 0
configure:11266: test -s conftest.o
configure:11269: $? = 0
configure:11280: result: yes
configure:11406: checking for getpwuid_r
configure:11463: gcc -o conftest  -pipe   -Wl,--export-dynamic  conftest.c -lz  -lpthread >&5
configure:11469: $? = 0
configure:11473: test -z 
			 || test ! -s conftest.err
configure:11476: $? = 0
configure:11479: test -s conftest
configure:11482: $? = 0
configure:11494: result: yes
configure:11498: checking for getpwuid_r with 5 args
configure:11530: gcc -c  -pipe  conftest.c >&5
configure:11536: $? = 0
configure:11540: test -z 
			 || test ! -s conftest.err
configure:11543: $? = 0
configure:11546: test -s conftest.o
configure:11549: $? = 0
configure:11560: result: yes
configure:11653: checking for getpwnam_r
configure:11710: gcc -o conftest  -pipe   -Wl,--export-dynamic  conftest.c -lz  -lpthread >&5
configure:11716: $? = 0
configure:11720: test -z 
			 || test ! -s conftest.err
configure:11723: $? = 0
configure:11726: test -s conftest
configure:11729: $? = 0
configure:11741: result: yes
configure:11745: checking for getpwnam_r with 5 args
configure:11777: gcc -c  -pipe  conftest.c >&5
configure:11783: $? = 0
configure:11787: test -z 
			 || test ! -s conftest.err
configure:11790: $? = 0
configure:11793: test -s conftest.o
configure:11796: $? = 0
configure:11807: result: yes
configure:11900: checking for getgrgid_r
configure:11957: gcc -o conftest  -pipe   -Wl,--export-dynamic  conftest.c -lz  -lpthread >&5
configure:11963: $? = 0
configure:11967: test -z 
			 || test ! -s conftest.err
configure:11970: $? = 0
configure:11973: test -s conftest
configure:11976: $? = 0
configure:11988: result: yes
configure:11992: checking for getgrgid_r with 5 args
configure:12024: gcc -c  -pipe  conftest.c >&5
configure:12030: $? = 0
configure:12034: test -z 
			 || test ! -s conftest.err
configure:12037: $? = 0
configure:12040: test -s conftest.o
configure:12043: $? = 0
configure:12054: result: yes
configure:12147: checking for getgrnam_r
configure:12204: gcc -o conftest  -pipe   -Wl,--export-dynamic  conftest.c -lz  -lpthread >&5
configure:12210: $? = 0
configure:12214: test -z 
			 || test ! -s conftest.err
configure:12217: $? = 0
configure:12220: test -s conftest
configure:12223: $? = 0
configure:12235: result: yes
configure:12239: checking for getgrnam_r with 5 args
configure:12271: gcc -c  -pipe  conftest.c >&5
configure:12277: $? = 0
configure:12281: test -z 
			 || test ! -s conftest.err
configure:12284: $? = 0
configure:12287: test -s conftest.o
configure:12290: $? = 0
configure:12301: result: yes
configure:12429: checking whether gethostbyname_r is declared
configure:12454: gcc -c  -pipe  conftest.c >&5
configure:12460: $? = 0
configure:12464: test -z 
			 || test ! -s conftest.err
configure:12467: $? = 0
configure:12470: test -s conftest.o
configure:12473: $? = 0
configure:12484: result: yes
configure:12506: checking for gethostbyname_r
configure:12563: gcc -o conftest  -pipe   -Wl,--export-dynamic  conftest.c -lz  -lpthread >&5
configure:12569: $? = 0
configure:12573: test -z 
			 || test ! -s conftest.err
configure:12576: $? = 0
configure:12579: test -s conftest
configure:12582: $? = 0
configure:12594: result: yes
configure:12598: checking for gethostbyname_r with 6 args
configure:12630: gcc -c  -pipe  conftest.c >&5
configure:12636: $? = 0
configure:12640: test -z 
			 || test ! -s conftest.err
configure:12643: $? = 0
configure:12646: test -s conftest.o
configure:12649: $? = 0
configure:12660: result: yes
configure:12828: checking whether gethostbyaddr_r is declared
configure:12853: gcc -c  -pipe  conftest.c >&5
configure:12859: $? = 0
configure:12863: test -z 
			 || test ! -s conftest.err
configure:12866: $? = 0
configure:12869: test -s conftest.o
configure:12872: $? = 0
configure:12883: result: yes
configure:12905: checking for gethostbyaddr_r
configure:12962: gcc -o conftest  -pipe   -Wl,--export-dynamic  conftest.c -lz  -lpthread >&5
configure:12968: $? = 0
configure:12972: test -z 
			 || test ! -s conftest.err
configure:12975: $? = 0
configure:12978: test -s conftest
configure:12981: $? = 0
configure:12993: result: yes
configure:12997: checking for gethostbyaddr_r with 7 args
configure:13032: gcc -c  -pipe  conftest.c >&5
conftest.c: In function 'main':
conftest.c:79:11: warning: passing argument 7 of 'gethostbyaddr_r' from incompatible pointer type [-Wincompatible-pointer-types]
   79 |           &h_errnop);
      |           ^~~~~~~~~
      |           |
      |           int *
In file included from conftest.c:64:
/usr/include/netdb.h:174:36: note: expected 'struct hostent ** restrict' but argument is of type 'int *'
  174 |        struct hostent **__restrict __result,
      |        ~~~~~~~~~~~~~~~~~~~~~~~~~~~~^~~~~~~~
conftest.c:78:9: error: too few arguments to function 'gethostbyaddr_r'
   78 |  (void) gethostbyaddr_r(addr, length, type, result, buffer, buflen,
      |         ^~~~~~~~~~~~~~~
In file included from conftest.c:64:
/usr/include/netdb.h:170:12: note: declared here
  170 | extern int gethostbyaddr_r (const void *__restrict __addr, __socklen_t __len,
      |            ^~~~~~~~~~~~~~~
configure:13038: $? = 1
configure: failed program was:
| /* confdefs.h.  */
| 
| #define PACKAGE_NAME "tcl"
| #define PACKAGE_TARNAME "tcl"
| #define PACKAGE_VERSION "8.6"
| #define PACKAGE_STRING "tcl 8.6"
| #define PACKAGE_BUGREPORT ""
| #define STDC_HEADERS 1
| #define HAVE_SYS_TYPES_H 1
| #define HAVE_SYS_STAT_H 1
| #define HAVE_STDLIB_H 1
| #define HAVE_STRING_H 1
| #define HAVE_MEMORY_H 1
| #define HAVE_STRINGS_H 1
| #define HAVE_INTTYPES_H 1
| #define HAVE_STDINT_H 1
| #define HAVE_UNISTD_H 1
| #define HAVE_SYS_PARAM_H 1
| #define USE_THREAD_ALLOC 1
| #define _REENTRANT 1
| #define _THREAD_SAFE 1
| #define HAVE_PTHREAD_ATTR_SETSTACKSIZE 1
| #define HAVE_PTHREAD_ATFORK 1
| #define TCL_THREADS 1
| #define TCL_CFGVAL_ENCODING "iso8859-1"
| #define HAVE_ZLIB 1
| #define MODULE_SCOPE extern __attribute__((__visibility__("hidden")))
| #define HAVE_HIDDEN 1
| #define HAVE_CAST_TO_UNION 1
| #define TCL_SHLIB_EXT ".so"
| #define NDEBUG 1
| #define TCL_CFG_OPTIMIZED 1
| #define TCL_TOMMATH 1
| #define MP_PREC 4
| #define _LARGEFILE64_SOURCE 1
| #define TCL_WIDE_INT_IS_LONG 1
| #define HAVE_GETCWD 1
| #define HAVE_MKSTEMP 1
| #define HAVE_OPENDIR 1
| #define HAVE_STRTOL 1
| #define HAVE_WAITPID 1
| #define HAVE_GETNAMEINFO 1
| #define HAVE_GETADDRINFO 1
| #define HAVE_FREEADDRINFO 1
| #define HAVE_GAI_STRERROR 1
| #define HAVE_STRUCT_ADDRINFO 1
| #define HAVE_STRUCT_IN6_ADDR 1
| #define HAVE_STRUCT_SOCKADDR_IN6 1
| #define HAVE_STRUCT_SOCKADDR_STORAGE 1
| #define HAVE_GETPWUID_R_5 1
| #define HAVE_GETPWUID_R 1
| #define HAVE_GETPWNAM_R_5 1
| #define HAVE_GETPWNAM_R 1
| #define HAVE_GETGRGID_R_5 1
| #define HAVE_GETGRGID_R 1
| #define HAVE_GETGRNAM_R_5 1
| #define HAVE_GETGRNAM_R 1
| #define HAVE_DECL_GETHOSTBYNAME_R 1
| #define HAVE_GETHOSTBYNAME_R_6 1
| #define HAVE_GETHOSTBYNAME_R 1
| #define HAVE_DECL_GETHOSTBYADDR_R 1
| /* end confdefs.h.  */
| 
| 	#include <netdb.h>
| 
| int
| main ()
| {
| 
| 	char *addr;
| 	int length;
| 	int type;
| 	struct hostent *result;
| 	char buffer[2048];
| 	int buflen = 2048;
| 	int h_errnop;
| 
| 	(void) gethostbyaddr_r(addr, length, type, result, buffer, buflen,
| 			       &h_errnop);
| 
|   ;
|   return 0;
| }
configure:13062: result: no
configure:13072: checking for gethostbyaddr_r with 8 args
configure:13107: gcc -c  -pipe  conftest.c >&5
configure:13113: $? = 0
configure:13117: test -z 
			 || test ! -s conftest.err
configure:13120: $? = 0
configure:13123: test -s conftest.o
configure:13126: $? = 0
configure:13137: result: yes
configure:13186: checking termios.h usability
configure:13198: gcc -c  -pipe  conftest.c >&5
configure:13204: $? = 0
configure:13208: test -z 
			 || test ! -s conftest.err
configure:13211: $? = 0
configure:13214: test -s conftest.o
configure:13217: $? = 0
configure:13227: result: yes
configure:13231: checking termios.h presence
configure:13241: gcc -E  conftest.c
configure:13247: $? = 0
configure:13267: result: yes
configure:13302: checking for termios.h
configure:13309: result: yes
configure:13336: checking sys/ioctl.h usability
configure:13348: gcc -c  -pipe  conftest.c >&5
configure:13354: $? = 0
configure:13358: test -z 
			 || test ! -s conftest.err
configure:13361: $? = 0
configure:13364: test -s conftest.o
configure:13367: $? = 0
configure:13377: result: yes
configure:13381: checking sys/ioctl.h presence
configure:13391: gcc -E  conftest.c
configure:13397: $? = 0
configure:13417: result: yes
configure:13452: checking for sys/ioctl.h
configure:13459: result: yes
configure:13486: checking sys/modem.h usability
configure:13498: gcc -c  -pipe  conftest.c >&5
conftest.c:101:10: fatal error: sys/modem.h: No such file or directory
  101 | #include <sys/modem.h>
      |          ^~~~~~~~~~~~~
compilation terminated.
configure:13504: $? = 1
configure: failed program was:
| /* confdefs.h.  */
| 
| #define PACKAGE_NAME "tcl"
| #define PACKAGE_TARNAME "tcl"
| #define PACKAGE_VERSION "8.6"
| #define PACKAGE_STRING "tcl 8.6"
| #define PACKAGE_BUGREPORT ""
| #define STDC_HEADERS 1
| #define HAVE_SYS_TYPES_H 1
| #define HAVE_SYS_STAT_H 1
| #define HAVE_STDLIB_H 1
| #define HAVE_STRING_H 1
| #define HAVE_MEMORY_H 1
| #define HAVE_STRINGS_H 1
| #define HAVE_INTTYPES_H 1
| #define HAVE_STDINT_H 1
| #define HAVE_UNISTD_H 1
| #define HAVE_SYS_PARAM_H 1
| #define USE_THREAD_ALLOC 1
| #define _REENTRANT 1
| #define _THREAD_SAFE 1
| #define HAVE_PTHREAD_ATTR_SETSTACKSIZE 1
| #define HAVE_PTHREAD_ATFORK 1
| #define TCL_THREADS 1
| #define TCL_CFGVAL_ENCODING "iso8859-1"
| #define HAVE_ZLIB 1
| #define MODULE_SCOPE extern __attribute__((__visibility__("hidden")))
| #define HAVE_HIDDEN 1
| #define HAVE_CAST_TO_UNION 1
| #define TCL_SHLIB_EXT ".so"
| #define NDEBUG 1
| #define TCL_CFG_OPTIMIZED 1
| #define TCL_TOMMATH 1
| #define MP_PREC 4
| #define _LARGEFILE64_SOURCE 1
| #define TCL_WIDE_INT_IS_LONG 1
| #define HAVE_GETCWD 1
| #define HAVE_MKSTEMP 1
| #define HAVE_OPENDIR 1
| #define HAVE_STRTOL 1
| #define HAVE_WAITPID 1
| #define HAVE_GETNAMEINFO 1
| #define HAVE_GETADDRINFO 1
| #define HAVE_FREEADDRINFO 1
| #define HAVE_GAI_STRERROR 1
| #define HAVE_STRUCT_ADDRINFO 1
| #define HAVE_STRUCT_IN6_ADDR 1
| #define HAVE_STRUCT_SOCKADDR_IN6 1
| #define HAVE_STRUCT_SOCKADDR_STORAGE 1
| #define HAVE_GETPWUID_R_5 1
| #define HAVE_GETPWUID_R 1
| #define HAVE_GETPWNAM_R_5 1
| #define HAVE_GETPWNAM_R 1
| #define HAVE_GETGRGID_R_5 1
| #define HAVE_GETGRGID_R 1
| #define HAVE_GETGRNAM_R_5 1
| #define HAVE_GETGRNAM_R 1
| #define HAVE_DECL_GETHOSTBYNAME_R 1
| #define HAVE_GETHOSTBYNAME_R_6 1
| #define HAVE_GETHOSTBYNAME_R 1
| #define HAVE_DECL_GETHOSTBYADDR_R 1
| #define HAVE_GETHOSTBYADDR_R_8 1
| #define HAVE_GETHOSTBYADDR_R 1
| #define HAVE_TERMIOS_H 1
| #define HAVE_SYS_IOCTL_H 1
| /* end confdefs.h.  */
| #include <stdio.h>
| #if HAVE_SYS_TYPES_H
| # include <sys/types.h>
| #endif
| #if HAVE_SYS_STAT_H
| # include <sys/stat.h>
| #endif
| #if STDC_HEADERS
| # include <stdlib.h>
| # include <stddef.h>
| #else
| # if HAVE_STDLIB_H
| #  include <stdlib.h>
| # endif
| #endif
| #if HAVE_STRING_H
| # if !STDC_HEADERS && HAVE_MEMORY_H
| #  include <memory.h>
| # endif
| # include <string.h>
| #endif
| #if HAVE_STRINGS_H
| # include <strings.h>
| #endif
| #if HAVE_INTTYPES_H
| # include <inttypes.h>
| #else
| # if HAVE_STDINT_H
| #  include <stdint.h>
| # endif
| #endif
| #if HAVE_UNISTD_H
| # include <unistd.h>
| #endif
| #include <sys/modem.h>
configure:13527: result: no
configure:13531: checking sys/modem.h presence
configure:13541: gcc -E  conftest.c
conftest.c:67:10: fatal error: sys/modem.h: No such file or directory
   67 | #include <sys/modem.h>
      |          ^~~~~~~~~~~~~
compilation terminated.
configure:13547: $? = 1
configure: failed program was:
| /* confdefs.h.  */
| 
| #define PACKAGE_NAME "tcl"
| #define PACKAGE_TARNAME "tcl"
| #define PACKAGE_VERSION "8.6"
| #define PACKAGE_STRING "tcl 8.6"
| #define PACKAGE_BUGREPORT ""
| #define STDC_HEADERS 1
| #define HAVE_SYS_TYPES_H 1
| #define HAVE_SYS_STAT_H 1
| #define HAVE_STDLIB_H 1
| #define HAVE_STRING_H 1
| #define HAVE_MEMORY_H 1
| #define HAVE_STRINGS_H 1
| #define HAVE_INTTYPES_H 1
| #define HAVE_STDINT_H 1
| #define HAVE_UNISTD_H 1
| #define HAVE_SYS_PARAM_H 1
| #define USE_THREAD_ALLOC 1
| #define _REENTRANT 1
| #define _THREAD_SAFE 1
| #define HAVE_PTHREAD_ATTR_SETSTACKSIZE 1
| #define HAVE_PTHREAD_ATFORK 1
| #define TCL_THREADS 1
| #define TCL_CFGVAL_ENCODING "iso8859-1"
| #define HAVE_ZLIB 1
| #define MODULE_SCOPE extern __attribute__((__visibility__("hidden")))
| #define HAVE_HIDDEN 1
| #define HAVE_CAST_TO_UNION 1
| #define TCL_SHLIB_EXT ".so"
| #define NDEBUG 1
| #define TCL_CFG_OPTIMIZED 1
| #define TCL_TOMMATH 1
| #define MP_PREC 4
| #define _LARGEFILE64_SOURCE 1
| #define TCL_WIDE_INT_IS_LONG 1
| #define HAVE_GETCWD 1
| #define HAVE_MKSTEMP 1
| #define HAVE_OPENDIR 1
| #define HAVE_STRTOL 1
| #define HAVE_WAITPID 1
| #define HAVE_GETNAMEINFO 1
| #define HAVE_GETADDRINFO 1
| #define HAVE_FREEADDRINFO 1
| #define HAVE_GAI_STRERROR 1
| #define HAVE_STRUCT_ADDRINFO 1
| #define HAVE_STRUCT_IN6_ADDR 1
| #define HAVE_STRUCT_SOCKADDR_IN6 1
| #define HAVE_STRUCT_SOCKADDR_STORAGE 1
| #define HAVE_GETPWUID_R_5 1
| #define HAVE_GETPWUID_R 1
| #define HAVE_GETPWNAM_R_5 1
| #define HAVE_GETPWNAM_R 1
| #define HAVE_GETGRGID_R_5 1
| #define HAVE_GETGRGID_R 1
| #define HAVE_GETGRNAM_R_5 1
| #define HAVE_GETGRNAM_R 1
| #define HAVE_DECL_GETHOSTBYNAME_R 1
| #define HAVE_GETHOSTBYNAME_R_6 1
| #define HAVE_GETHOSTBYNAME_R 1
| #define HAVE_DECL_GETHOSTBYADDR_R 1
| #define HAVE_GETHOSTBYADDR_R_8 1
| #define HAVE_GETHOSTBYADDR_R 1
| #define HAVE_TERMIOS_H 1
| #define HAVE_SYS_IOCTL_H 1
| /* end confdefs.h.  */
| #include <sys/modem.h>
configure:13567: result: no
configure:13602: checking for sys/modem.h
configure:13609: result: no
configure:13633: checking for fd_set in sys/types
configure:13655: gcc -c  -pipe  conftest.c >&5
configure:13661: $? = 0
configure:13665: test -z 
			 || test ! -s conftest.err
configure:13668: $? = 0
configure:13671: test -s conftest.o
configure:13674: $? = 0
configure:13685: result: yes
configure:13751: checking sys/time.h usability
configure:13763: gcc -c  -pipe  conftest.c >&5
configure:13769: $? = 0
configure:13773: test -z 
			 || test ! -s conftest.err
configure:13776: $? = 0
configure:13779: test -s conftest.o
configure:13782: $? = 0
configure:13792: result: yes
configure:13796: checking sys/time.h presence
configure:13806: gcc -E  conftest.c
configure:13812: $? = 0
configure:13832: result: yes
configure:13867: checking for sys/time.h
configure:13874: result: yes
configure:13887: checking whether time.h and sys/time.h may both be included
configure:13912: gcc -c  -pipe  conftest.c >&5
configure:13918: $? = 0
configure:13922: test -z 
			 || test ! -s conftest.err
configure:13925: $? = 0
configure:13928: test -s conftest.o
configure:13931: $? = 0
configure:13942: result: yes
configure:13959: checking for gmtime_r
configure:14016: gcc -o conftest  -pipe   -Wl,--export-dynamic  conftest.c -lz  -lpthread >&5
configure:14022: $? = 0
configure:14026: test -z 
			 || test ! -s conftest.err
configure:14029: $? = 0
configure:14032: test -s conftest
configure:14035: $? = 0
configure:14047: result: yes
configure:13959: checking for localtime_r
configure:14016: gcc -o conftest  -pipe   -Wl,--export-dynamic  conftest.c -lz  -lpthread >&5
configure:14022: $? = 0
configure:14026: test -z 
			 || test ! -s conftest.err
configure:14029: $? = 0
configure:14032: test -s conftest
configure:14035: $? = 0
configure:14047: result: yes
configure:13959: checking for mktime
configure:14016: gcc -o conftest  -pipe   -Wl,--export-dynamic  conftest.c -lz  -lpthread >&5
configure:14022: $? = 0
configure:14026: test -z 
			 || test ! -s conftest.err
configure:14029: $? = 0
configure:14032: test -s conftest
configure:14035: $? = 0
configure:14047: result: yes
configure:14058: checking tm_tzadj in struct tm
configure:14080: gcc -c  -pipe  conftest.c >&5
conftest.c: In function 'main':
conftest.c:76:23: error: 'struct tm' has no member named 'tm_tzadj'
   76 | struct tm tm; (void)tm.tm_tzadj;
      |                       ^
configure:14086: $? = 1
configure: failed program was:
| /* confdefs.h.  */
| 
| #define PACKAGE_NAME "tcl"
| #define PACKAGE_TARNAME "tcl"
| #define PACKAGE_VERSION "8.6"
| #define PACKAGE_STRING "tcl 8.6"
| #define PACKAGE_BUGREPORT ""
| #define STDC_HEADERS 1
| #define HAVE_SYS_TYPES_H 1
| #define HAVE_SYS_STAT_H 1
| #define HAVE_STDLIB_H 1
| #define HAVE_STRING_H 1
| #define HAVE_MEMORY_H 1
| #define HAVE_STRINGS_H 1
| #define HAVE_INTTYPES_H 1
| #define HAVE_STDINT_H 1
| #define HAVE_UNISTD_H 1
| #define HAVE_SYS_PARAM_H 1
| #define USE_THREAD_ALLOC 1
| #define _REENTRANT 1
| #define _THREAD_SAFE 1
| #define HAVE_PTHREAD_ATTR_SETSTACKSIZE 1
| #define HAVE_PTHREAD_ATFORK 1
| #define TCL_THREADS 1
| #define TCL_CFGVAL_ENCODING "iso8859-1"
| #define HAVE_ZLIB 1
| #define MODULE_SCOPE extern __attribute__((__visibility__("hidden")))
| #define HAVE_HIDDEN 1
| #define HAVE_CAST_TO_UNION 1
| #define TCL_SHLIB_EXT ".so"
| #define NDEBUG 1
| #define TCL_CFG_OPTIMIZED 1
| #define TCL_TOMMATH 1
| #define MP_PREC 4
| #define _LARGEFILE64_SOURCE 1
| #define TCL_WIDE_INT_IS_LONG 1
| #define HAVE_GETCWD 1
| #define HAVE_MKSTEMP 1
| #define HAVE_OPENDIR 1
| #define HAVE_STRTOL 1
| #define HAVE_WAITPID 1
| #define HAVE_GETNAMEINFO 1
| #define HAVE_GETADDRINFO 1
| #define HAVE_FREEADDRINFO 1
| #define HAVE_GAI_STRERROR 1
| #define HAVE_STRUCT_ADDRINFO 1
| #define HAVE_STRUCT_IN6_ADDR 1
| #define HAVE_STRUCT_SOCKADDR_IN6 1
| #define HAVE_STRUCT_SOCKADDR_STORAGE 1
| #define HAVE_GETPWUID_R_5 1
| #define HAVE_GETPWUID_R 1
| #define HAVE_GETPWNAM_R_5 1
| #define HAVE_GETPWNAM_R 1
| #define HAVE_GETGRGID_R_5 1
| #define HAVE_GETGRGID_R 1
| #define HAVE_GETGRNAM_R_5 1
| #define HAVE_GETGRNAM_R 1
| #define HAVE_DECL_GETHOSTBYNAME_R 1
| #define HAVE_GETHOSTBYNAME_R_6 1
| #define HAVE_GETHOSTBYNAME_R 1
| #define HAVE_DECL_GETHOSTBYADDR_R 1
| #define HAVE_GETHOSTBYADDR_R_8 1
| #define HAVE_GETHOSTBYADDR_R 1
| #define HAVE_TERMIOS_H 1
| #define HAVE_SYS_IOCTL_H 1
| #define HAVE_SYS_TIME_H 1
| #define TIME_WITH_SYS_TIME 1
| #define HAVE_GMTIME_R 1
| #define HAVE_LOCALTIME_R 1
| #define HAVE_MKTIME 1
| /* end confdefs.h.  */
| #include <time.h>
| int
| main ()
| {
| struct tm tm; (void)tm.tm_tzadj;
|   ;
|   return 0;
| }
configure:14110: result: no
configure:14120: checking tm_gmtoff in struct tm
configure:14142: gcc -c  -pipe  conftest.c >&5
configure:14148: $? = 0
configure:14152: test -z 
			 || test ! -s conftest.err
configure:14155: $? = 0
configure:14158: test -s conftest.o
configure:14161: $? = 0
configure:14172: result: yes
configure:14186: checking long timezone variable
configure:14211: gcc -c  -pipe  conftest.c >&5
configure:14217: $? = 0
configure:14221: test -z 
			 || test ! -s conftest.err
configure:14224: $? = 0
configure:14227: test -s conftest.o
configure:14230: $? = 0
configure:14241: result: yes
configure:14327: checking for struct stat.st_blocks
configure:14350: gcc -c  -pipe  conftest.c >&5
configure:14356: $? = 0
configure:14360: test -z 
			 || test ! -s conftest.err
configure:14363: $? = 0
configure:14366: test -s conftest.o
configure:14369: $? = 0
configure:14426: result: yes
configure:14436: checking for struct stat.st_blksize
configure:14459: gcc -c  -pipe  conftest.c >&5
configure:14465: $? = 0
configure:14469: test -z 
			 || test ! -s conftest.err
configure:14472: $? = 0
configure:14475: test -s conftest.o
configure:14478: $? = 0
configure:14535: result: yes
configure:14547: checking for blkcnt_t
configure:14571: gcc -c  -pipe  conftest.c >&5
configure:14577: $? = 0
configure:14581: test -z 
			 || test ! -s conftest.err
configure:14584: $? = 0
configure:14587: test -s conftest.o
configure:14590: $? = 0
configure:14601: result: yes
configure:14612: checking for fstatfs
configure:14669: gcc -o conftest  -pipe   -Wl,--export-dynamic  conftest.c -lz  -lpthread >&5
configure:14675: $? = 0
configure:14679: test -z 
			 || test ! -s conftest.err
configure:14682: $? = 0
configure:14685: test -s conftest
configure:14688: $? = 0
configure:14700: result: yes
configure:14718: checking for working memcmp
configure:14766: gcc -o conftest  -pipe   -Wl,--export-dynamic  conftest.c -lz  -lpthread >&5
configure:14769: $? = 0
configure:14771: ./conftest
configure:14774: $? = 0
configure:14788: result: yes
configure:14806: checking for memmove
configure:14863: gcc -o conftest  -pipe   -Wl,--export-dynamic  conftest.c -lz  -lpthread >&5
conftest.c:101:6: warning: conflicting types for built-in function 'memmove'; expected 'void *(void *, const void *, long unsigned int)' [-Wbuiltin-declaration-mismatch]
  101 | char memmove ();
      |      ^~~~~~~
conftest.c:88:1: note: 'memmove' is declared in header '<string.h>'
   87 | # include <limits.h>
   88 | #else
configure:14869: $? = 0
configure:14873: test -z 
			 || test ! -s conftest.err
configure:14876: $? = 0
configure:14879: test -s conftest
configure:14882: $? = 0
configure:14894: result: yes
configure:14919: checking for strstr
configure:14976: gcc -o conftest  -pipe   -Wl,--export-dynamic  conftest.c -lz  -lpthread >&5
conftest.c:101:6: warning: conflicting types for built-in function 'strstr'; expected 'char *(const char *, const char *)' [-Wbuiltin-declaration-mismatch]
  101 | char strstr ();
      |      ^~~~~~
conftest.c:88:1: note: 'strstr' is declared in header '<string.h>'
   87 | # include <limits.h>
   88 | #else
configure:14982: $? = 0
configure:14986: test -z 
			 || test ! -s conftest.err
configure:14989: $? = 0
configure:14992: test -s conftest
configure:14995: $? = 0
configure:15007: result: yes
configure:15016: checking proper strstr implementation
configure:15038: gcc -o conftest  -pipe   -Wl,--export-dynamic  conftest.c -lz  -lpthread >&5
configure:15041: $? = 0
configure:15043: ./conftest
configure:15046: $? = 0
configure:15060: result: ok
configure:15088: checking for strtoul
configure:15145: gcc -o conftest  -pipe   -Wl,--export-dynamic  conftest.c -lz  -lpthread >&5
configure:15151: $? = 0
configure:15155: test -z 
			 || test ! -s conftest.err
configure:15158: $? = 0
configure:15161: test -s conftest
configure:15164: $? = 0
configure:15176: result: yes
configure:15185: checking proper strtoul implementation
configure:15208: gcc -o conftest  -pipe   -Wl,--export-dynamic  conftest.c -lz  -lpthread >&5
configure:15211: $? = 0
configure:15213: ./conftest
configure:15216: $? = 0
configure:15230: result: ok
configure:15256: checking for mode_t
configure:15280: gcc -c  -pipe  conftest.c >&5
configure:15286: $? = 0
configure:15290: test -z 
			 || test ! -s conftest.err
configure:15293: $? = 0
configure:15296: test -s conftest.o
configure:15299: $? = 0
configure:15310: result: yes
configure:15322: checking for pid_t
configure:15346: gcc -c  -pipe  conftest.c >&5
configure:15352: $? = 0
configure:15356: test -z 
			 || test ! -s conftest.err
configure:15359: $? = 0
configure:15362: test -s conftest.o
configure:15365: $? = 0
configure:15376: result: yes
configure:15388: checking for size_t
configure:15412: gcc -c  -pipe  conftest.c >&5
configure:15418: $? = 0
configure:15422: test -z 
			 || test ! -s conftest.err
configure:15425: $? = 0
configure:15428: test -s conftest.o
configure:15431: $? = 0
configure:15442: result: yes
configure:15454: checking for uid_t in sys/types.h
configure:15477: result: yes
configure:15493: checking for socklen_t
configure:15520: gcc -c  -pipe  conftest.c >&5
configure:15526: $? = 0
configure:15530: test -z 
			 || test ! -s conftest.err
configure:15533: $? = 0
configure:15536: test -s conftest.o
configure:15539: $? = 0
configure:15550: result: yes
configure:15560: checking for intptr_t
configure:15584: gcc -c  -pipe  conftest.c >&5
configure:15590: $? = 0
configure:15594: test -z 
			 || test ! -s conftest.err
configure:15597: $? = 0
configure:15600: test -s conftest.o
configure:15603: $? = 0
configure:15614: result: yes
configure:15695: checking for uintptr_t
configure:15719: gcc -c  -pipe  conftest.c >&5
configure:15725: $? = 0
configure:15729: test -z 
			 || test ! -s conftest.err
configure:15732: $? = 0
configure:15735: test -s conftest.o
configure:15738: $? = 0
configure:15749: result: yes
configure:15839: checking for opendir
configure:15927: result: yes
configure:15948: checking union wait
configure:15975: gcc -o conftest  -pipe   -Wl,--export-dynamic  conftest.c -lz  -lpthread >&5
conftest.c: In function 'main':
conftest.c:85:12: error: storage size of 'x' isn't known
   85 | union wait x;
      |            ^
configure:15981: $? = 1
configure: failed program was:
| /* confdefs.h.  */
| 
| #define PACKAGE_NAME "tcl"
| #define PACKAGE_TARNAME "tcl"
| #define PACKAGE_VERSION "8.6"
| #define PACKAGE_STRING "tcl 8.6"
| #define PACKAGE_BUGREPORT ""
| #define STDC_HEADERS 1
| #define HAVE_SYS_TYPES_H 1
| #define HAVE_SYS_STAT_H 1
| #define HAVE_STDLIB_H 1
| #define HAVE_STRING_H 1
| #define HAVE_MEMORY_H 1
| #define HAVE_STRINGS_H 1
| #define HAVE_INTTYPES_H 1
| #define HAVE_STDINT_H 1
| #define HAVE_UNISTD_H 1
| #define HAVE_SYS_PARAM_H 1
| #define USE_THREAD_ALLOC 1
| #define _REENTRANT 1
| #define _THREAD_SAFE 1
| #define HAVE_PTHREAD_ATTR_SETSTACKSIZE 1
| #define HAVE_PTHREAD_ATFORK 1
| #define TCL_THREADS 1
| #define TCL_CFGVAL_ENCODING "iso8859-1"
| #define HAVE_ZLIB 1
| #define MODULE_SCOPE extern __attribute__((__visibility__("hidden")))
| #define HAVE_HIDDEN 1
| #define HAVE_CAST_TO_UNION 1
| #define TCL_SHLIB_EXT ".so"
| #define NDEBUG 1
| #define TCL_CFG_OPTIMIZED 1
| #define TCL_TOMMATH 1
| #define MP_PREC 4
| #define _LARGEFILE64_SOURCE 1
| #define TCL_WIDE_INT_IS_LONG 1
| #define HAVE_GETCWD 1
| #define HAVE_MKSTEMP 1
| #define HAVE_OPENDIR 1
| #define HAVE_STRTOL 1
| #define HAVE_WAITPID 1
| #define HAVE_GETNAMEINFO 1
| #define HAVE_GETADDRINFO 1
| #define HAVE_FREEADDRINFO 1
| #define HAVE_GAI_STRERROR 1
| #define HAVE_STRUCT_ADDRINFO 1
| #define HAVE_STRUCT_IN6_ADDR 1
| #define HAVE_STRUCT_SOCKADDR_IN6 1
| #define HAVE_STRUCT_SOCKADDR_STORAGE 1
| #define HAVE_GETPWUID_R_5 1
| #define HAVE_GETPWUID_R 1
| #define HAVE_GETPWNAM_R_5 1
| #define HAVE_GETPWNAM_R 1
| #define HAVE_GETGRGID_R_5 1
| #define HAVE_GETGRGID_R 1
| #define HAVE_GETGRNAM_R_5 1
| #define HAVE_GETGRNAM_R 1
| #define HAVE_DECL_GETHOSTBYNAME_R 1
| #define HAVE_GETHOSTBYNAME_R_6 1
| #define HAVE_GETHOSTBYNAME_R 1
| #define HAVE_DECL_GETHOSTBYADDR_R 1
| #define HAVE_GETHOSTBYADDR_R_8 1
| #define HAVE_GETHOSTBYADDR_R 1
| #define HAVE_TERMIOS_H 1
| #define HAVE_SYS_IOCTL_H 1
| #define HAVE_SYS_TIME_H 1
| #define TIME_WITH_SYS_TIME 1
| #define HAVE_GMTIME_R 1
| #define HAVE_LOCALTIME_R 1
| #define HAVE_MKTIME 1
| #define HAVE_TM_GMTOFF 1
| #define HAVE_TIMEZONE_VAR 1
| #define HAVE_STRUCT_STAT_ST_BLOCKS 1
| #define HAVE_STRUCT_STAT_ST_BLKSIZE 1
| #define HAVE_BLKCNT_T 1
| #define HAVE_INTPTR_T 1
| #define HAVE_UINTPTR_T 1
| /* end confdefs.h.  */
| #include <sys/types.h>
| #include <sys/wait.h>
| int
| main ()
| {
| 
| union wait x;
| WIFEXITED(x);		/* Generates compiler error if WIFEXITED
| 			 * uses an int. */
| 
|   ;
|   return 0;
| }
configure:16006: result: no
configure:16022: checking for strncasecmp
configure:16079: gcc -o conftest  -pipe   -Wl,--export-dynamic  conftest.c -lz  -lpthread >&5
conftest.c:104:6: warning: conflicting types for built-in function 'strncasecmp'; expected 'int(const char *, const char *, long unsigned int)' [-Wbuiltin-declaration-mismatch]
  104 | char strncasecmp ();
      |      ^~~~~~~~~~~
configure:16085: $? = 0
configure:16089: test -z 
			 || test ! -s conftest.err
configure:16092: $? = 0
configure:16095: test -s conftest
configure:16098: $? = 0
configure:16110: result: yes
configure:16283: checking for gettimeofday
configure:16340: gcc -o conftest  -pipe   -Wl,--export-dynamic  conftest.c -lz  -lpthread >&5
configure:16346: $? = 0
configure:16350: test -z 
			 || test ! -s conftest.err
configure:16353: $? = 0
configure:16356: test -s conftest
configure:16359: $? = 0
configure:16371: result: yes
configure:16385: checking for gettimeofday declaration
configure:16409: result: present
configure:16426: checking whether char is unsigned
configure:16449: gcc -c  -pipe  conftest.c >&5
configure:16455: $? = 0
configure:16459: test -z 
			 || test ! -s conftest.err
configure:16462: $? = 0
configure:16465: test -s conftest.o
configure:16468: $? = 0
configure:16479: result: no
configure:16488: checking signed char declarations
configure:16513: gcc -c  -pipe  conftest.c >&5
configure:16519: $? = 0
configure:16523: test -z 
			 || test ! -s conftest.err
configure:16526: $? = 0
configure:16529: test -s conftest.o
configure:16532: $? = 0
configure:16543: result: yes
configure:16557: checking for a putenv() that copies the buffer
configure:16594: gcc -o conftest  -pipe   -Wl,--export-dynamic  conftest.c -lz  -lpthread >&5
configure:16597: $? = 0
configure:16599: ./conftest
configure:16602: $? = 0
configure:16616: result: no
configure:16651: checking langinfo.h usability
configure:16663: gcc -c  -pipe  conftest.c >&5
configure:16669: $? = 0
configure:16673: test -z 
			 || test ! -s conftest.err
configure:16676: $? = 0
configure:16679: test -s conftest.o
configure:16682: $? = 0
configure:16692: result: yes
configure:16696: checking langinfo.h presence
configure:16706: gcc -E  conftest.c
configure:16712: $? = 0
configure:16732: result: yes
configure:16767: checking for langinfo.h
configure:16774: result: yes
configure:16786: checking whether to use nl_langinfo
configure:16809: gcc -c  -pipe  conftest.c >&5
configure:16815: $? = 0
configure:16819: test -z 
			 || test ! -s conftest.err
configure:16822: $? = 0
configure:16825: test -s conftest.o
configure:16828: $? = 0
configure:16840: result: yes
configure:16864: checking for chflags
configure:16921: gcc -o conftest  -pipe   -Wl,--export-dynamic  conftest.c -lz  -lpthread >&5
conftest.c:111:1: error: unknown type name 'choke'
  111 | choke me
      | ^~~~~
conftest.c:111:9: error: expected ';' before 'int'
  111 | choke me
      |         ^
      |         ;
......
  119 | int
      | ~~~      
conftest.c: In function 'main':
conftest.c:122:8: error: 'f' undeclared (first use in this function)
  122 | return f != chflags;
      |        ^
conftest.c:122:8: note: each undeclared identifier is reported only once for each function it appears in
configure:16927: $? = 1
configure: failed program was:
| /* confdefs.h.  */
| 
| #define PACKAGE_NAME "tcl"
| #define PACKAGE_TARNAME "tcl"
| #define PACKAGE_VERSION "8.6"
| #define PACKAGE_STRING "tcl 8.6"
| #define PACKAGE_BUGREPORT ""
| #define STDC_HEADERS 1
| #define HAVE_SYS_TYPES_H 1
| #define HAVE_SYS_STAT_H 1
| #define HAVE_STDLIB_H 1
| #define HAVE_STRING_H 1
| #define HAVE_MEMORY_H 1
| #define HAVE_STRINGS_H 1
| #define HAVE_INTTYPES_H 1
| #define HAVE_STDINT_H 1
| #define HAVE_UNISTD_H 1
| #define HAVE_SYS_PARAM_H 1
| #define USE_THREAD_ALLOC 1
| #define _REENTRANT 1
| #define _THREAD_SAFE 1
| #define HAVE_PTHREAD_ATTR_SETSTACKSIZE 1
| #define HAVE_PTHREAD_ATFORK 1
| #define TCL_THREADS 1
| #define TCL_CFGVAL_ENCODING "iso8859-1"
| #define HAVE_ZLIB 1
| #define MODULE_SCOPE extern __attribute__((__visibility__("hidden")))
| #define HAVE_HIDDEN 1
| #define HAVE_CAST_TO_UNION 1
| #define TCL_SHLIB_EXT ".so"
| #define NDEBUG 1
| #define TCL_CFG_OPTIMIZED 1
| #define TCL_TOMMATH 1
| #define MP_PREC 4
| #define _LARGEFILE64_SOURCE 1
| #define TCL_WIDE_INT_IS_LONG 1
| #define HAVE_GETCWD 1
| #define HAVE_MKSTEMP 1
| #define HAVE_OPENDIR 1
| #define HAVE_STRTOL 1
| #define HAVE_WAITPID 1
| #define HAVE_GETNAMEINFO 1
| #define HAVE_GETADDRINFO 1
| #define HAVE_FREEADDRINFO 1
| #define HAVE_GAI_STRERROR 1
| #define HAVE_STRUCT_ADDRINFO 1
| #define HAVE_STRUCT_IN6_ADDR 1
| #define HAVE_STRUCT_SOCKADDR_IN6 1
| #define HAVE_STRUCT_SOCKADDR_STORAGE 1
| #define HAVE_GETPWUID_R_5 1
| #define HAVE_GETPWUID_R 1
| #define HAVE_GETPWNAM_R_5 1
| #define HAVE_GETPWNAM_R 1
| #define HAVE_GETGRGID_R_5 1
| #define HAVE_GETGRGID_R 1
| #define HAVE_GETGRNAM_R_5 1
| #define HAVE_GETGRNAM_R 1
| #define HAVE_DECL_GETHOSTBYNAME_R 1
| #define HAVE_GETHOSTBYNAME_R_6 1
| #define HAVE_GETHOSTBYNAME_R 1
| #define HAVE_DECL_GETHOSTBYADDR_R 1
| #define HAVE_GETHOSTBYADDR_R_8 1
| #define HAVE_GETHOSTBYADDR_R 1
| #define HAVE_TERMIOS_H 1
| #define HAVE_SYS_IOCTL_H 1
| #define HAVE_SYS_TIME_H 1
| #define TIME_WITH_SYS_TIME 1
| #define HAVE_GMTIME_R 1
| #define HAVE_LOCALTIME_R 1
| #define HAVE_MKTIME 1
| #define HAVE_TM_GMTOFF 1
| #define HAVE_TIMEZONE_VAR 1
| #define HAVE_STRUCT_STAT_ST_BLOCKS 1
| #define HAVE_STRUCT_STAT_ST_BLKSIZE 1
| #define HAVE_BLKCNT_T 1
| #define HAVE_INTPTR_T 1
| #define HAVE_UINTPTR_T 1
| #define NO_UNION_WAIT 1
| #define HAVE_SIGNED_CHAR 1
| #define HAVE_LANGINFO 1
| /* end confdefs.h.  */
| /* Define chflags to an innocuous variant, in case <limits.h> declares chflags.
|    For example, HP-UX 11i <limits.h> declares gettimeofday.  */
| #define chflags innocuous_chflags
| 
| /* System header to define __stub macros and hopefully few prototypes,
|     which can conflict with char chflags (); below.
|     Prefer <limits.h> to <assert.h> if __STDC__ is defined, since
|     <limits.h> exists even on freestanding compilers.  */
| 
| #ifdef __STDC__
| # include <limits.h>
| #else
| # include <assert.h>
| #endif
| 
| #undef chflags
| 
| /* Override any gcc2 internal prototype to avoid an error.  */
| #ifdef __cplusplus
| extern "C"
| {
| #endif
| /* We use char because int might match the return type of a gcc2
|    builtin and then its argument prototype would still apply.  */
| char chflags ();
| /* The GNU C library defines this for functions which it implements
|     to always fail with ENOSYS.  Some functions are actually named
|     something starting with __ and the normal name is an alias.  */
| #if defined (__stub_chflags) || defined (__stub___chflags)
| choke me
| #else
| char (*f) () = chflags;
| #endif
| #ifdef __cplusplus
| }
| #endif
| 
| int
| main ()
| {
| return f != chflags;
|   ;
|   return 0;
| }
configure:16952: result: no
configure:16864: checking for mkstemps
configure:16921: gcc -o conftest  -pipe   -Wl,--export-dynamic  conftest.c -lz  -lpthread >&5
configure:16927: $? = 0
configure:16931: test -z 
			 || test ! -s conftest.err
configure:16934: $? = 0
configure:16937: test -s conftest
configure:16940: $? = 0
configure:16952: result: yes
configure:16967: checking isnan
configure:16991: gcc -o conftest  -pipe   -Wl,--export-dynamic  conftest.c -lz  -lpthread >&5
configure:16997: $? = 0
configure:17001: test -z 
			 || test ! -s conftest.err
configure:17004: $? = 0
configure:17007: test -s conftest
configure:17010: $? = 0
configure:17022: result: yes
configure:17975: checking for fts
configure:18005: gcc -o conftest  -pipe   -Wl,--export-dynamic  conftest.c -lz  -lpthread >&5
configure:18011: $? = 0
configure:18015: test -z 
			 || test ! -s conftest.err
configure:18018: $? = 0
configure:18021: test -s conftest
configure:18024: $? = 0
configure:18036: result: yes
configure:18058: checking for sys/ioctl.h
configure:18063: result: yes
configure:18217: checking sys/filio.h usability
configure:18229: gcc -c  -pipe  conftest.c >&5
conftest.c:119:10: fatal error: sys/filio.h: No such file or directory
  119 | #include <sys/filio.h>
      |          ^~~~~~~~~~~~~
compilation terminated.
configure:18235: $? = 1
configure: failed program was:
| /* confdefs.h.  */
| 
| #define PACKAGE_NAME "tcl"
| #define PACKAGE_TARNAME "tcl"
| #define PACKAGE_VERSION "8.6"
| #define PACKAGE_STRING "tcl 8.6"
| #define PACKAGE_BUGREPORT ""
| #define STDC_HEADERS 1
| #define HAVE_SYS_TYPES_H 1
| #define HAVE_SYS_STAT_H 1
| #define HAVE_STDLIB_H 1
| #define HAVE_STRING_H 1
| #define HAVE_MEMORY_H 1
| #define HAVE_STRINGS_H 1
| #define HAVE_INTTYPES_H 1
| #define HAVE_STDINT_H 1
| #define HAVE_UNISTD_H 1
| #define HAVE_SYS_PARAM_H 1
| #define USE_THREAD_ALLOC 1
| #define _REENTRANT 1
| #define _THREAD_SAFE 1
| #define HAVE_PTHREAD_ATTR_SETSTACKSIZE 1
| #define HAVE_PTHREAD_ATFORK 1
| #define TCL_THREADS 1
| #define TCL_CFGVAL_ENCODING "iso8859-1"
| #define HAVE_ZLIB 1
| #define MODULE_SCOPE extern __attribute__((__visibility__("hidden")))
| #define HAVE_HIDDEN 1
| #define HAVE_CAST_TO_UNION 1
| #define TCL_SHLIB_EXT ".so"
| #define NDEBUG 1
| #define TCL_CFG_OPTIMIZED 1
| #define TCL_TOMMATH 1
| #define MP_PREC 4
| #define _LARGEFILE64_SOURCE 1
| #define TCL_WIDE_INT_IS_LONG 1
| #define HAVE_GETCWD 1
| #define HAVE_MKSTEMP 1
| #define HAVE_OPENDIR 1
| #define HAVE_STRTOL 1
| #define HAVE_WAITPID 1
| #define HAVE_GETNAMEINFO 1
| #define HAVE_GETADDRINFO 1
| #define HAVE_FREEADDRINFO 1
| #define HAVE_GAI_STRERROR 1
| #define HAVE_STRUCT_ADDRINFO 1
| #define HAVE_STRUCT_IN6_ADDR 1
| #define HAVE_STRUCT_SOCKADDR_IN6 1
| #define HAVE_STRUCT_SOCKADDR_STORAGE 1
| #define HAVE_GETPWUID_R_5 1
| #define HAVE_GETPWUID_R 1
| #define HAVE_GETPWNAM_R_5 1
| #define HAVE_GETPWNAM_R 1
| #define HAVE_GETGRGID_R_5 1
| #define HAVE_GETGRGID_R 1
| #define HAVE_GETGRNAM_R_5 1
| #define HAVE_GETGRNAM_R 1
| #define HAVE_DECL_GETHOSTBYNAME_R 1
| #define HAVE_GETHOSTBYNAME_R_6 1
| #define HAVE_GETHOSTBYNAME_R 1
| #define HAVE_DECL_GETHOSTBYADDR_R 1
| #define HAVE_GETHOSTBYADDR_R_8 1
| #define HAVE_GETHOSTBYADDR_R 1
| #define HAVE_TERMIOS_H 1
| #define HAVE_SYS_IOCTL_H 1
| #define HAVE_SYS_TIME_H 1
| #define TIME_WITH_SYS_TIME 1
| #define HAVE_GMTIME_R 1
| #define HAVE_LOCALTIME_R 1
| #define HAVE_MKTIME 1
| #define HAVE_TM_GMTOFF 1
| #define HAVE_TIMEZONE_VAR 1
| #define HAVE_STRUCT_STAT_ST_BLOCKS 1
| #define HAVE_STRUCT_STAT_ST_BLKSIZE 1
| #define HAVE_BLKCNT_T 1
| #define HAVE_INTPTR_T 1
| #define HAVE_UINTPTR_T 1
| #define NO_UNION_WAIT 1
| #define HAVE_SIGNED_CHAR 1
| #define HAVE_LANGINFO 1
| #define HAVE_MKSTEMPS 1
| #define HAVE_FTS 1
| #define HAVE_SYS_IOCTL_H 1
| /* end confdefs.h.  */
| #include <stdio.h>
| #if HAVE_SYS_TYPES_H
| # include <sys/types.h>
| #endif
| #if HAVE_SYS_STAT_H
| # include <sys/stat.h>
| #endif
| #if STDC_HEADERS
| # include <stdlib.h>
| # include <stddef.h>
| #else
| # if HAVE_STDLIB_H
| #  include <stdlib.h>
| # endif
| #endif
| #if HAVE_STRING_H
| # if !STDC_HEADERS && HAVE_MEMORY_H
| #  include <memory.h>
| # endif
| # include <string.h>
| #endif
| #if HAVE_STRINGS_H
| # include <strings.h>
| #endif
| #if HAVE_INTTYPES_H
| # include <inttypes.h>
| #else
| # if HAVE_STDINT_H
| #  include <stdint.h>
| # endif
| #endif
| #if HAVE_UNISTD_H
| # include <unistd.h>
| #endif
| #include <sys/filio.h>
configure:18258: result: no
configure:18262: checking sys/filio.h presence
configure:18272: gcc -E  conftest.c
conftest.c:85:10: fatal error: sys/filio.h: No such file or directory
   85 | #include <sys/filio.h>
      |          ^~~~~~~~~~~~~
compilation terminated.
configure:18278: $? = 1
configure: failed program was:
| /* confdefs.h.  */
| 
| #define PACKAGE_NAME "tcl"
| #define PACKAGE_TARNAME "tcl"
| #define PACKAGE_VERSION "8.6"
| #define PACKAGE_STRING "tcl 8.6"
| #define PACKAGE_BUGREPORT ""
| #define STDC_HEADERS 1
| #define HAVE_SYS_TYPES_H 1
| #define HAVE_SYS_STAT_H 1
| #define HAVE_STDLIB_H 1
| #define HAVE_STRING_H 1
| #define HAVE_MEMORY_H 1
| #define HAVE_STRINGS_H 1
| #define HAVE_INTTYPES_H 1
| #define HAVE_STDINT_H 1
| #define HAVE_UNISTD_H 1
| #define HAVE_SYS_PARAM_H 1
| #define USE_THREAD_ALLOC 1
| #define _REENTRANT 1
| #define _THREAD_SAFE 1
| #define HAVE_PTHREAD_ATTR_SETSTACKSIZE 1
| #define HAVE_PTHREAD_ATFORK 1
| #define TCL_THREADS 1
| #define TCL_CFGVAL_ENCODING "iso8859-1"
| #define HAVE_ZLIB 1
| #define MODULE_SCOPE extern __attribute__((__visibility__("hidden")))
| #define HAVE_HIDDEN 1
| #define HAVE_CAST_TO_UNION 1
| #define TCL_SHLIB_EXT ".so"
| #define NDEBUG 1
| #define TCL_CFG_OPTIMIZED 1
| #define TCL_TOMMATH 1
| #define MP_PREC 4
| #define _LARGEFILE64_SOURCE 1
| #define TCL_WIDE_INT_IS_LONG 1
| #define HAVE_GETCWD 1
| #define HAVE_MKSTEMP 1
| #define HAVE_OPENDIR 1
| #define HAVE_STRTOL 1
| #define HAVE_WAITPID 1
| #define HAVE_GETNAMEINFO 1
| #define HAVE_GETADDRINFO 1
| #define HAVE_FREEADDRINFO 1
| #define HAVE_GAI_STRERROR 1
| #define HAVE_STRUCT_ADDRINFO 1
| #define HAVE_STRUCT_IN6_ADDR 1
| #define HAVE_STRUCT_SOCKADDR_IN6 1
| #define HAVE_STRUCT_SOCKADDR_STORAGE 1
| #define HAVE_GETPWUID_R_5 1
| #define HAVE_GETPWUID_R 1
| #define HAVE_GETPWNAM_R_5 1
| #define HAVE_GETPWNAM_R 1
| #define HAVE_GETGRGID_R_5 1
| #define HAVE_GETGRGID_R 1
| #define HAVE_GETGRNAM_R_5 1
| #define HAVE_GETGRNAM_R 1
| #define HAVE_DECL_GETHOSTBYNAME_R 1
| #define HAVE_GETHOSTBYNAME_R_6 1
| #define HAVE_GETHOSTBYNAME_R 1
| #define HAVE_DECL_GETHOSTBYADDR_R 1
| #define HAVE_GETHOSTBYADDR_R_8 1
| #define HAVE_GETHOSTBYADDR_R 1
| #define HAVE_TERMIOS_H 1
| #define HAVE_SYS_IOCTL_H 1
| #define HAVE_SYS_TIME_H 1
| #define TIME_WITH_SYS_TIME 1
| #define HAVE_GMTIME_R 1
| #define HAVE_LOCALTIME_R 1
| #define HAVE_MKTIME 1
| #define HAVE_TM_GMTOFF 1
| #define HAVE_TIMEZONE_VAR 1
| #define HAVE_STRUCT_STAT_ST_BLOCKS 1
| #define HAVE_STRUCT_STAT_ST_BLKSIZE 1
| #define HAVE_BLKCNT_T 1
| #define HAVE_INTPTR_T 1
| #define HAVE_UINTPTR_T 1
| #define NO_UNION_WAIT 1
| #define HAVE_SIGNED_CHAR 1
| #define HAVE_LANGINFO 1
| #define HAVE_MKSTEMPS 1
| #define HAVE_FTS 1
| #define HAVE_SYS_IOCTL_H 1
| /* end confdefs.h.  */
| #include <sys/filio.h>
configure:18298: result: no
configure:18333: checking for sys/filio.h
configure:18340: result: no
configure:18354: checking system version
configure:18385: result: Linux-5.15.0-125-generic
configure:18389: checking FIONBIO vs. O_NONBLOCK for nonblocking I/O
configure:18411: result: O_NONBLOCK
configure:18419: checking whether to use dll unloading
configure:18435: result: yes
configure:18444: checking for timezone data
configure:18485: result: /usr/share/zoneinfo
configure:18704: checking whether to enable DTrace support
configure:18729: result: no
configure:18736: checking whether the cpuid instruction is usable
configure:18766: gcc -o conftest  -pipe   -Wl,--export-dynamic  conftest.c -lz  -lpthread >&5
configure:18772: $? = 0
configure:18776: test -z 
			 || test ! -s conftest.err
configure:18779: $? = 0
configure:18782: test -s conftest
configure:18785: $? = 0
configure:18797: result: yes
configure:19165: creating ./config.status

## ---------------------- ##
## Running config.status. ##
## ---------------------- ##

This file was extended by tcl config.status 8.6, which was
generated by GNU Autoconf 2.59.  Invocation command line was

  CONFIG_FILES    = 
  CONFIG_HEADERS  = 
  CONFIG_LINKS    = 
  CONFIG_COMMANDS = 
  $ ./config.status 

on manuel-Latitude-E6420

config.status:720: creating Makefile
config.status:720: creating dltest/Makefile
config.status:720: creating tclConfig.sh
config.status:720: creating tcl.pc

## ---------------- ##
## Cache variables. ##
## ---------------- ##

ac_cv_c_bigendian=no
ac_cv_c_char_unsigned=no
ac_cv_c_compiler_gnu=yes
ac_cv_c_inline=inline
ac_cv_env_CC_set=
ac_cv_env_CC_value=
ac_cv_env_CFLAGS_set=
ac_cv_env_CFLAGS_value=
ac_cv_env_CPPFLAGS_set=
ac_cv_env_CPPFLAGS_value=
ac_cv_env_CPP_set=
ac_cv_env_CPP_value=
ac_cv_env_LDFLAGS_set=
ac_cv_env_LDFLAGS_value=
ac_cv_env_build_alias_set=
ac_cv_env_build_alias_value=
ac_cv_env_host_alias_set=
ac_cv_env_host_alias_value=
ac_cv_env_target_alias_set=
ac_cv_env_target_alias_value=
ac_cv_exeext=
ac_cv_func_chflags=no
ac_cv_func_connect=yes
ac_cv_func_freeaddrinfo=yes
ac_cv_func_fstatfs=yes
ac_cv_func_gai_strerror=yes
ac_cv_func_getaddrinfo=yes
ac_cv_func_getcwd=yes
ac_cv_func_getgrgid_r=yes
ac_cv_func_getgrnam_r=yes
ac_cv_func_gethostbyaddr_r=yes
ac_cv_func_gethostbyname=yes
ac_cv_func_gethostbyname_r=yes
ac_cv_func_getnameinfo=yes
ac_cv_func_getpwnam_r=yes
ac_cv_func_getpwuid_r=yes
ac_cv_func_gettimeofday=yes
ac_cv_func_getwd=yes
ac_cv_func_gmtime_r=yes
ac_cv_func_localtime_r=yes
ac_cv_func_memcmp_working=yes
ac_cv_func_memmove=yes
ac_cv_func_mkstemp=yes
ac_cv_func_mkstemps=yes
ac_cv_func_mktime=yes
ac_cv_func_opendir=yes
ac_cv_func_pthread_atfork=yes
ac_cv_func_pthread_attr_setstacksize=yes
ac_cv_func_realpath=yes
ac_cv_func_sin=no
ac_cv_func_strerror=yes
ac_cv_func_strncasecmp=yes
ac_cv_func_strstr=yes
ac_cv_func_strtol=yes
ac_cv_func_strtoul=yes
ac_cv_func_uname=yes
ac_cv_func_wait3=yes
ac_cv_func_waitpid=yes
ac_cv_have_decl_gethostbyaddr_r=yes
ac_cv_have_decl_gethostbyname_r=yes
ac_cv_header_dlfcn_h=yes
ac_cv_header_float_h=yes
ac_cv_header_inttypes_h=yes
ac_cv_header_langinfo_h=yes
ac_cv_header_memory_h=yes
ac_cv_header_net_errno_h=no
ac_cv_header_stdc=yes
ac_cv_header_stdint_h=yes
ac_cv_header_stdlib_h=yes
ac_cv_header_string_h=yes
ac_cv_header_strings_h=yes
ac_cv_header_sys_filio_h=no
ac_cv_header_sys_ioctl_h=yes
ac_cv_header_sys_modem_h=no
ac_cv_header_sys_param_h=yes
ac_cv_header_sys_stat_h=yes
ac_cv_header_sys_time_h=yes
ac_cv_header_sys_types_h=yes
ac_cv_header_sys_wait_h=yes
ac_cv_header_termios_h=yes
ac_cv_header_time=yes
ac_cv_header_unistd_h=yes
ac_cv_header_values_h=yes
ac_cv_header_zlib_h=yes
ac_cv_lib_dl_dlopen=yes
ac_cv_lib_inet_main=no
ac_cv_lib_pthread_pthread_mutex_init=yes
ac_cv_member_struct_stat_st_blksize=yes
ac_cv_member_struct_stat_st_blocks=yes
ac_cv_nolto=yes
ac_cv_objext=o
ac_cv_path_tclsh=/usr/bin/tclsh8.6
ac_cv_prog_CPP='gcc -E'
ac_cv_prog_ac_ct_AR=ar
ac_cv_prog_ac_ct_CC=gcc
ac_cv_prog_ac_ct_RANLIB=ranlib
ac_cv_prog_cc_g=yes
ac_cv_prog_cc_stdc=
ac_cv_prog_egrep='grep -E'
ac_cv_search_deflateSetHeader=-lz
ac_cv_type_blkcnt_t=yes
ac_cv_type_gz_header=yes
ac_cv_type_intptr_t=yes
ac_cv_type_mode_t=yes
ac_cv_type_pid_t=yes
ac_cv_type_size_t=yes
ac_cv_type_struct_addrinfo=yes
ac_cv_type_struct_in6_addr=yes
ac_cv_type_struct_sockaddr_in6=yes
ac_cv_type_struct_sockaddr_storage=yes
ac_cv_type_uid_t=yes
ac_cv_type_uintptr_t=yes
tcl_cv_api_fts=yes
tcl_cv_api_getgrgid_r_5=yes
tcl_cv_api_getgrnam_r_5=yes
tcl_cv_api_gethostbyaddr_r=yes
tcl_cv_api_gethostbyaddr_r_7=no
tcl_cv_api_gethostbyaddr_r_8=yes
tcl_cv_api_gethostbyname_r=yes
tcl_cv_api_gethostbyname_r_6=yes
tcl_cv_api_getpwnam_r_5=yes
tcl_cv_api_getpwuid_r_5=yes
tcl_cv_cast_to_union=yes
tcl_cv_cc_pipe=yes
tcl_cv_cc_visibility_hidden=yes
tcl_cv_char_signed=yes
tcl_cv_cpuid=yes
tcl_cv_dir_zoneinfo=/usr/share/zoneinfo
tcl_cv_dirent_h=yes
tcl_cv_flag__isoc99_source=no
tcl_cv_flag__largefile64_source=yes
tcl_cv_flag__largefile_source64=no
tcl_cv_grep_gettimeofday=present
tcl_cv_isnan=yes
tcl_cv_langinfo_h=yes
tcl_cv_member_tm_gmtoff=yes
tcl_cv_member_tm_tzadj=no
tcl_cv_putenv_copy=no
tcl_cv_strstr_unbroken=ok
tcl_cv_strtoul_unbroken=ok
tcl_cv_sys_version=Linux-5.15.0-125-generic
tcl_cv_timezone_long=yes
tcl_cv_type_64bit=none
tcl_cv_type_fd_set=yes
tcl_cv_type_socklen_t=yes
tcl_cv_union_wait=no

## ----------------- ##
## Output variables. ##
## ----------------- ##

AR='ar'
BUILD_DLTEST='$(DLTEST_TARGETS)'
CC='gcc'
CC_SEARCH_FLAGS='"-Wl,-rpath,${LIB_RUNTIME_DIR}"'
CFG_TCL_SHARED_LIB_SUFFIX='${VERSION}.so'
CFG_TCL_UNSHARED_LIB_SUFFIX='${VERSION}.a'
CFLAGS=' -pipe '
CFLAGS_DEBUG='-g'
CFLAGS_DEFAULT='$(CFLAGS_OPTIMIZE)'
CFLAGS_NOLTO='-fno-lto'
CFLAGS_OPTIMIZE='-O2'
CFLAGS_WARNING='-Wall -Wpointer-arith'
CPP='gcc -E'
CPPFLAGS=''
DEFS='-DPACKAGE_NAME=\"tcl\" -DPACKAGE_TARNAME=\"tcl\" -DPACKAGE_VERSION=\"8.6\" -DPACKAGE_STRING=\"tcl\ 8.6\" -DPACKAGE_BUGREPORT=\"\" -DSTDC_HEADERS=1 -DHAVE_SYS_TYPES_H=1 -DHAVE_SYS_STAT_H=1 -DHAVE_STDLIB_H=1 -DHAVE_STRING_H=1 -DHAVE_MEMORY_H=1 -DHAVE_STRINGS_H=1 -DHAVE_INTTYPES_H=1 -DHAVE_STDINT_H=1 -DHAVE_UNISTD_H=1 -DHAVE_SYS_PARAM_H=1 -DUSE_THREAD_ALLOC=1 -D_REENTRANT=1 -D_THREAD_SAFE=1 -DHAVE_PTHREAD_ATTR_SETSTACKSIZE=1 -DHAVE_PTHREAD_ATFORK=1 -DTCL_THREADS=1 -DTCL_CFGVAL_ENCODING=\"iso8859-1\" -DHAVE_ZLIB=1 -DMODULE_SCOPE=extern\ __attribute__\(\(__visibility__\(\"hidden\"\)\)\) -DHAVE_HIDDEN=1 -DHAVE_CAST_TO_UNION=1 -DTCL_SHLIB_EXT=\".so\" -DNDEBUG=1 -DTCL_CFG_OPTIMIZED=1 -DTCL_TOMMATH=1 -DMP_PREC=4 -D_LARGEFILE64_SOURCE=1 -DTCL_WIDE_INT_IS_LONG=1 -DHAVE_GETCWD=1 -DHAVE_MKSTEMP=1 -DHAVE_OPENDIR=1 -DHAVE_STRTOL=1 -DHAVE_WAITPID=1 -DHAVE_GETNAMEINFO=1 -DHAVE_GETADDRINFO=1 -DHAVE_FREEADDRINFO=1 -DHAVE_GAI_STRERROR=1 -DHAVE_STRUCT_ADDRINFO=1 -DHAVE_STRUCT_IN6_ADDR=1 -DHAVE_STRUCT_SOCKADDR_IN6=1 -DHAVE_STRUCT_SOCKADDR_STORAGE=1 -DHAVE_GETPWUID_R_5=1 -DHAVE_GETPWUID_R=1 -DHAVE_GETPWNAM_R_5=1 -DHAVE_GETPWNAM_R=1 -DHAVE_GETGRGID_R_5=1 -DHAVE_GETGRGID_R=1 -DHAVE_GETGRNAM_R_5=1 -DHAVE_GETGRNAM_R=1 -DHAVE_DECL_GETHOSTBYNAME_R=1 -DHAVE_GETHOSTBYNAME_R_6=1 -DHAVE_GETHOSTBYNAME_R=1 -DHAVE_DECL_GETHOSTBYADDR_R=1 -DHAVE_GETHOSTBYADDR_R_8=1 -DHAVE_GETHOSTBYADDR_R=1 -DHAVE_TERMIOS_H=1 -DHAVE_SYS_IOCTL_H=1 -DHAVE_SYS_TIME_H=1 -DTIME_WITH_SYS_TIME=1 -DHAVE_GMTIME_R=1 -DHAVE_LOCALTIME_R=1 -DHAVE_MKTIME=1 -DHAVE_TM_GMTOFF=1 -DHAVE_TIMEZONE_VAR=1 -DHAVE_STRUCT_STAT_ST_BLOCKS=1 -DHAVE_STRUCT_STAT_ST_BLKSIZE=1 -DHAVE_BLKCNT_T=1 -DHAVE_INTPTR_T=1 -DHAVE_UINTPTR_T=1 -DNO_UNION_WAIT=1 -DHAVE_SIGNED_CHAR=1 -DHAVE_LANGINFO=1 -DHAVE_MKSTEMPS=1 -DHAVE_FTS=1 -DHAVE_SYS_IOCTL_H=1 -DTCL_UNLOAD_DLLS=1 -DHAVE_CPUID=1 '
DLL_INSTALL_DIR='$(LIB_INSTALL_DIR)'
DLTEST_LD='${SHLIB_LD}'
DLTEST_SUFFIX=''
DL_LIBS='-ldl'
DL_OBJS='tclLoadDl.o'
DTRACE=''
DTRACE_HDR=''
DTRACE_OBJ=''
DTRACE_SRC=''
ECHO_C=''
ECHO_N='-n'
ECHO_T=''
EGREP='grep -E'
EXEEXT=''
EXTRA_APP_CC_SWITCHES=''
EXTRA_BUILD_HTML='@:'
EXTRA_CC_SWITCHES=''
EXTRA_INSTALL=''
EXTRA_INSTALL_BINARIES='@:'
EXTRA_TCLSH_LIBS=''
HTML_DIR='$(DISTDIR)/html'
INSTALL_LIB='$(INSTALL_LIBRARY) $(LIB_FILE) "$(LIB_INSTALL_DIR)/$(LIB_FILE)"'
INSTALL_STUB_LIB='$(INSTALL_LIBRARY) $(STUB_LIB_FILE) "$(LIB_INSTALL_DIR)/$(STUB_LIB_FILE)"'
INSTALL_TZDATA=''
LDAIX_SRC=''
LDFLAGS=' -Wl,--export-dynamic '
LDFLAGS_DEBUG=''
LDFLAGS_DEFAULT='$(LDFLAGS_OPTIMIZE)'
LDFLAGS_OPTIMIZE=''
LD_LIBRARY_PATH_VAR='LD_LIBRARY_PATH'
LD_SEARCH_FLAGS='"-Wl,-rpath,${LIB_RUNTIME_DIR}"'
LIBOBJS=''
LIBS='-lz  -lpthread'
MAKEFILE_SHELL='/bin/sh'
MAKE_LIB='${SHLIB_LD} -o $@ ${OBJS} ${LDFLAGS} ${SHLIB_LD_LIBS} ${TCL_SHLIB_LD_EXTRAS} ${TK_SHLIB_LD_EXTRAS} ${LD_SEARCH_FLAGS}'
MAKE_STUB_LIB='${STLIB_LD} $@ ${STUB_LIB_OBJS} ; ${RANLIB} $@'
MAN_FLAGS=''
OBJEXT='o'
PACKAGE_BUGREPORT=''
PACKAGE_DIR='/usr/local/lib'
PACKAGE_NAME='tcl'
PACKAGE_STRING='tcl 8.6'
PACKAGE_TARNAME='tcl'
PACKAGE_VERSION='8.6'
PATH_SEPARATOR=':'
PKG_CFG_ARGS=' '
PLAT_OBJS=''
PLAT_SRCS=''
PRIVATE_INCLUDE_DIR='$(includedir)'
RANLIB='ranlib'
SHARED_BUILD='1'
SHELL='/bin/bash'
SHLIB_CFLAGS='-fPIC'
SHLIB_LD='${CC} ${CFLAGS} ${LDFLAGS} -shared'
SHLIB_LD_LIBS='${LIBS}'
SHLIB_SUFFIX='.so'
STLIB_LD='${AR} cr'
TCLSH_PROG='/usr/bin/tclsh8.6'
TCL_BUILD_LIB_SPEC='-L/home/manuel/Diseo\ De\ Compiladores/tp/tcl8.6.13/unix -ltcl8.6'
TCL_BUILD_STUB_LIB_PATH='/home/manuel/Diseo De Compiladores/tp/tcl8.6.13/unix/libtclstub8.6.a'
TCL_BUILD_STUB_LIB_SPEC='-L/home/manuel/Diseo\ De\ Compiladores/tp/tcl8.6.13/unix -ltclstub8.6'
TCL_HAS_LONGLONG=''
TCL_INCLUDE_SPEC='-I/usr/local/include'
TCL_LIBRARY='$(prefix)/lib/tcl$(VERSION)'
TCL_LIBS='-ldl -lz  -lpthread -lm'
TCL_LIB_FILE='libtcl8.6.so'
TCL_LIB_FLAG='-ltcl8.6'
TCL_LIB_SPEC='-L/usr/local/lib -ltcl8.6'
TCL_LIB_VERSIONS_OK='ok'
TCL_MAJOR_VERSION='8'
TCL_MINOR_VERSION='6'
TCL_MODULE_PATH=''
TCL_PACKAGE_PATH='{/usr/local/lib} '
TCL_PATCH_LEVEL='.13'
TCL_SHARED_BUILD='1'
TCL_SHARED_LIB_SUFFIX='${VERSION}${SHLIB_SUFFIX}'
TCL_SHLIB_LD_EXTRAS=''
TCL_SRC_DIR='/home/manuel/Diseo De Compiladores/tp/tcl8.6.13'
TCL_STUB_LIB_FILE='libtclstub8.6.a'
TCL_STUB_LIB_FLAG='-ltclstub8.6'
TCL_STUB_LIB_PATH='/usr/local/lib/libtclstub8.6.a'
TCL_STUB_LIB_SPEC='-L/usr/local/lib -ltclstub8.6'
TCL_THREADS='1'
TCL_UNSHARED_LIB_SUFFIX='${VERSION}.a'
TCL_VERSION='8.6'
TCL_YEAR=''
TK_SHLIB_LD_EXTRAS=''
ZLIB_INCLUDE=''
ZLIB_OBJS=''
ZLIB_SRCS=''
ac_ct_AR='ar'
ac_ct_CC='gcc'
ac_ct_RANLIB='ranlib'
bindir='${exec_prefix}/bin'
build_alias=''
datadir='${prefix}/share'
exec_prefix='/usr/local'
host_alias=''
includedir='${prefix}/include'
infodir='${prefix}/info'
libdir='/usr/local/lib'
libexecdir='${exec_prefix}/libexec'
localstatedir='${prefix}/var'
mandir='${prefix}/man'
oldincludedir='/usr/include'
prefix='/usr/local'
program_transform_name='s,x,x,'
sbindir='${exec_prefix}/sbin'
sharedstatedir='${prefix}/com'
sysconfdir='${prefix}/etc'
target_alias=''

## ----------- ##
## confdefs.h. ##
## ----------- ##

#define HAVE_BLKCNT_T 1
#define HAVE_CAST_TO_UNION 1
#define HAVE_CPUID 1
#define HAVE_DECL_GETHOSTBYADDR_R 1
#define HAVE_DECL_GETHOSTBYNAME_R 1
#define HAVE_FREEADDRINFO 1
#define HAVE_FTS 1
#define HAVE_GAI_STRERROR 1
#define HAVE_GETADDRINFO 1
#define HAVE_GETCWD 1
#define HAVE_GETGRGID_R 1
#define HAVE_GETGRGID_R_5 1
#define HAVE_GETGRNAM_R 1
#define HAVE_GETGRNAM_R_5 1
#define HAVE_GETHOSTBYADDR_R 1
#define HAVE_GETHOSTBYADDR_R_8 1
#define HAVE_GETHOSTBYNAME_R 1
#define HAVE_GETHOSTBYNAME_R_6 1
#define HAVE_GETNAMEINFO 1
#define HAVE_GETPWNAM_R 1
#define HAVE_GETPWNAM_R_5 1
#define HAVE_GETPWUID_R 1
#define HAVE_GETPWUID_R_5 1
#define HAVE_GMTIME_R 1
#define HAVE_HIDDEN 1
#define HAVE_INTPTR_T 1
#define HAVE_INTTYPES_H 1
#define HAVE_LANGINFO 1
#define HAVE_LOCALTIME_R 1
#define HAVE_MEMORY_H 1
#define HAVE_MKSTEMP 1
#define HAVE_MKSTEMPS 1
#define HAVE_MKTIME 1
#define HAVE_OPENDIR 1
#define HAVE_PTHREAD_ATFORK 1
#define HAVE_PTHREAD_ATTR_SETSTACKSIZE 1
#define HAVE_SIGNED_CHAR 1
#define HAVE_STDINT_H 1
#define HAVE_STDLIB_H 1
#define HAVE_STRINGS_H 1
#define HAVE_STRING_H 1
#define HAVE_STRTOL 1
#define HAVE_STRUCT_ADDRINFO 1
#define HAVE_STRUCT_IN6_ADDR 1
#define HAVE_STRUCT_SOCKADDR_IN6 1
#define HAVE_STRUCT_SOCKADDR_STORAGE 1
#define HAVE_STRUCT_STAT_ST_BLKSIZE 1
#define HAVE_STRUCT_STAT_ST_BLOCKS 1
#define HAVE_SYS_IOCTL_H 1
#define HAVE_SYS_IOCTL_H 1
#define HAVE_SYS_PARAM_H 1
#define HAVE_SYS_STAT_H 1
#define HAVE_SYS_TIME_H 1
#define HAVE_SYS_TYPES_H 1
#define HAVE_TERMIOS_H 1
#define HAVE_TIMEZONE_VAR 1
#define HAVE_TM_GMTOFF 1
#define HAVE_UINTPTR_T 1
#define HAVE_UNISTD_H 1
#define HAVE_WAITPID 1
#define HAVE_ZLIB 1
#define MODULE_SCOPE extern __attribute__((__visibility__("hidden")))
#define MP_PREC 4
#define NDEBUG 1
#define NO_UNION_WAIT 1
#define PACKAGE_BUGREPORT ""
#define PACKAGE_NAME "tcl"
#define PACKAGE_STRING "tcl 8.6"
#define PACKAGE_TARNAME "tcl"
#define PACKAGE_VERSION "8.6"
#define STDC_HEADERS 1
#define TCL_CFGVAL_ENCODING "iso8859-1"
#define TCL_CFG_OPTIMIZED 1
#define TCL_SHLIB_EXT ".so"
#define TCL_THREADS 1
#define TCL_TOMMATH 1
#define TCL_UNLOAD_DLLS 1
#define TCL_WIDE_INT_IS_LONG 1
#define TIME_WITH_SYS_TIME 1
#define USE_THREAD_ALLOC 1
#define _LARGEFILE64_SOURCE 1
#define _REENTRANT 1
#define _THREAD_SAFE 1

configure: exit 0
