This file contains any messages produced by compilers while
running configure, to aid debugging if configure makes a mistake.

It was created by tk configure 8.6, which was
generated by GNU Autoconf 2.59.  Invocation command line was

  $ ./configure 

## --------- ##
## Platform. ##
## --------- ##

hostname = manuel-Latitude-E6420
uname -m = x86_64
uname -r = 5.15.0-125-generic
uname -s = Linux
uname -v = #135~20.04.1-Ubuntu SMP Mon Oct 7 13:56:22 UTC 2024

/usr/bin/uname -p = x86_64
/bin/uname -X     = unknown

/bin/arch              = x86_64
/usr/bin/arch -k       = unknown
/usr/convex/getsysinfo = unknown
hostinfo               = unknown
/bin/machine           = unknown
/usr/bin/oslevel       = unknown
/bin/universe          = unknown

PATH: /home/manuel/.local/bin
PATH: /home/manuel/.local/bin
PATH: /usr/share/rvm/gems/ruby-3.2.2/bin
PATH: /usr/share/rvm/gems/ruby-3.2.2@global/bin
PATH: /usr/share/rvm/rubies/ruby-3.2.2/bin
PATH: /usr/local/sbin
PATH: /usr/local/bin
PATH: /usr/sbin
PATH: /usr/bin
PATH: /sbin
PATH: /bin
PATH: /usr/games
PATH: /usr/local/games
PATH: /snap/bin
PATH: /usr/share/rvm/bin


## ----------- ##
## Core tests. ##
## ----------- ##

configure:1363: checking for Tcl configuration
configure:1470: result: found /home/manuel/Diseño De Compiladores/tp/tcl8.6.13/unix/tclConfig.sh
configure:1476: checking for existence of /home/manuel/Diseño De Compiladores/tp/tcl8.6.13/unix/tclConfig.sh
configure:1480: result: loading
configure:1551: checking for tclsh
configure:1575: result: /usr/bin/tclsh8.6
configure:1586: checking for tclsh in Tcl build directory
configure:1589: result: /home/manuel/Diseño De Compiladores/tp/tcl8.6.13/unix/tclsh
configure:1613: checking whether to use symlinks for manpages
configure:1622: result: no
configure:1625: checking whether to compress the manpages
configure:1640: result: no
configure:1654: checking whether to add a package name suffix for the manpages
configure:1667: result: no
configure:1729: checking for gcc
configure:1745: found /usr/bin/gcc
configure:1755: result: gcc
configure:1999: checking for C compiler version
configure:2002: gcc --version </dev/null >&5
gcc (Ubuntu 9.4.0-1ubuntu1~20.04.2) 9.4.0
Copyright (C) 2019 Free Software Foundation, Inc.
This is free software; see the source for copying conditions.  There is NO
warranty; not even for MERCHANTABILITY or FITNESS FOR A PARTICULAR PURPOSE.

configure:2005: $? = 0
configure:2007: gcc -v </dev/null >&5
Using built-in specs.
COLLECT_GCC=gcc
COLLECT_LTO_WRAPPER=/usr/lib/gcc/x86_64-linux-gnu/9/lto-wrapper
OFFLOAD_TARGET_NAMES=nvptx-none:hsa
OFFLOAD_TARGET_DEFAULT=1
Target: x86_64-linux-gnu
Configured with: ../src/configure -v --with-pkgversion='Ubuntu 9.4.0-1ubuntu1~20.04.2' --with-bugurl=file:///usr/share/doc/gcc-9/README.Bugs --enable-languages=c,ada,c++,go,brig,d,fortran,objc,obj-c++,gm2 --prefix=/usr --with-gcc-major-version-only --program-suffix=-9 --program-prefix=x86_64-linux-gnu- --enable-shared --enable-linker-build-id --libexecdir=/usr/lib --without-included-gettext --enable-threads=posix --libdir=/usr/lib --enable-nls --enable-clocale=gnu --enable-libstdcxx-debug --enable-libstdcxx-time=yes --with-default-libstdcxx-abi=new --enable-gnu-unique-object --disable-vtable-verify --enable-plugin --enable-default-pie --with-system-zlib --with-target-system-zlib=auto --enable-objc-gc=auto --enable-multiarch --disable-werror --with-arch-32=i686 --with-abi=m64 --with-multilib-list=m32,m64,mx32 --enable-multilib --with-tune=generic --enable-offload-targets=nvptx-none=/build/gcc-9-9QDOt0/gcc-9-9.4.0/debian/tmp-nvptx/usr,hsa --without-cuda-driver --enable-checking=release --build=x86_64-linux-gnu --host=x86_64-linux-gnu --target=x86_64-linux-gnu
Thread model: posix
gcc version 9.4.0 (Ubuntu 9.4.0-1ubuntu1~20.04.2) 
configure:2010: $? = 0
configure:2012: gcc -V </dev/null >&5
gcc: error: unrecognized command line option '-V'
gcc: fatal error: no input files
compilation terminated.
configure:2015: $? = 1
configure:2038: checking for C compiler default output file name
configure:2041: gcc    conftest.c  >&5
configure:2044: $? = 0
configure:2090: result: a.out
configure:2095: checking whether the C compiler works
configure:2101: ./a.out
configure:2104: $? = 0
configure:2121: result: yes
configure:2128: checking whether we are cross compiling
configure:2130: result: no
configure:2133: checking for suffix of executables
configure:2135: gcc -o conftest    conftest.c  >&5
configure:2138: $? = 0
configure:2163: result: 
configure:2169: checking for suffix of object files
configure:2190: gcc -c   conftest.c >&5
configure:2193: $? = 0
configure:2215: result: o
configure:2219: checking whether we are using the GNU C compiler
configure:2243: gcc -c   conftest.c >&5
configure:2249: $? = 0
configure:2253: test -z 
			 || test ! -s conftest.err
configure:2256: $? = 0
configure:2259: test -s conftest.o
configure:2262: $? = 0
configure:2275: result: yes
configure:2281: checking whether gcc accepts -g
configure:2302: gcc -c -g  conftest.c >&5
configure:2308: $? = 0
configure:2312: test -z 
			 || test ! -s conftest.err
configure:2315: $? = 0
configure:2318: test -s conftest.o
configure:2321: $? = 0
configure:2332: result: yes
configure:2349: checking for gcc option to accept ANSI C
configure:2419: gcc  -c   conftest.c >&5
configure:2425: $? = 0
configure:2429: test -z 
			 || test ! -s conftest.err
configure:2432: $? = 0
configure:2435: test -s conftest.o
configure:2438: $? = 0
configure:2456: result: none needed
configure:2474: gcc -c   conftest.c >&5
conftest.c:2:3: error: unknown type name 'choke'
    2 |   choke me
      |   ^~~~~
conftest.c:2:3: error: expected '=', ',', ';', 'asm' or '__attribute__' at end of input
configure:2480: $? = 1
configure: failed program was:
| #ifndef __cplusplus
|   choke me
| #endif
configure:2614: checking for inline
configure:2635: gcc -c   conftest.c >&5
configure:2641: $? = 0
configure:2645: test -z 
			 || test ! -s conftest.err
configure:2648: $? = 0
configure:2651: test -s conftest.o
configure:2654: $? = 0
configure:2666: result: inline
configure:2696: checking how to run the C preprocessor
configure:2731: gcc -E  conftest.c
configure:2737: $? = 0
configure:2769: gcc -E  conftest.c
conftest.c:9:10: fatal error: ac_nonexistent.h: No such file or directory
    9 | #include <ac_nonexistent.h>
      |          ^~~~~~~~~~~~~~~~~~
compilation terminated.
configure:2775: $? = 1
configure: failed program was:
| /* confdefs.h.  */
| 
| #define PACKAGE_NAME "tk"
| #define PACKAGE_TARNAME "tk"
| #define PACKAGE_VERSION "8.6"
| #define PACKAGE_STRING "tk 8.6"
| #define PACKAGE_BUGREPORT ""
| /* end confdefs.h.  */
| #include <ac_nonexistent.h>
configure:2814: result: gcc -E
configure:2838: gcc -E  conftest.c
configure:2844: $? = 0
configure:2876: gcc -E  conftest.c
conftest.c:9:10: fatal error: ac_nonexistent.h: No such file or directory
    9 | #include <ac_nonexistent.h>
      |          ^~~~~~~~~~~~~~~~~~
compilation terminated.
configure:2882: $? = 1
configure: failed program was:
| /* confdefs.h.  */
| 
| #define PACKAGE_NAME "tk"
| #define PACKAGE_TARNAME "tk"
| #define PACKAGE_VERSION "8.6"
| #define PACKAGE_STRING "tk 8.6"
| #define PACKAGE_BUGREPORT ""
| /* end confdefs.h.  */
| #include <ac_nonexistent.h>
configure:2926: checking for egrep
configure:2936: result: grep -E
configure:2941: checking for ANSI C header files
configure:2966: gcc -c   conftest.c >&5
configure:2972: $? = 0
configure:2976: test -z 
			 || test ! -s conftest.err
configure:2979: $? = 0
configure:2982: test -s conftest.o
configure:2985: $? = 0
configure:3075: gcc -o conftest    conftest.c  >&5
configure:3078: $? = 0
configure:3080: ./conftest
configure:3083: $? = 0
configure:3098: result: yes
configure:3122: checking for sys/types.h
configure:3138: gcc -c   conftest.c >&5
configure:3144: $? = 0
configure:3148: test -z 
			 || test ! -s conftest.err
configure:3151: $? = 0
configure:3154: test -s conftest.o
configure:3157: $? = 0
configure:3168: result: yes
configure:3122: checking for sys/stat.h
configure:3138: gcc -c   conftest.c >&5
configure:3144: $? = 0
configure:3148: test -z 
			 || test ! -s conftest.err
configure:3151: $? = 0
configure:3154: test -s conftest.o
configure:3157: $? = 0
configure:3168: result: yes
configure:3122: checking for stdlib.h
configure:3138: gcc -c   conftest.c >&5
configure:3144: $? = 0
configure:3148: test -z 
			 || test ! -s conftest.err
configure:3151: $? = 0
configure:3154: test -s conftest.o
configure:3157: $? = 0
configure:3168: result: yes
configure:3122: checking for string.h
configure:3138: gcc -c   conftest.c >&5
configure:3144: $? = 0
configure:3148: test -z 
			 || test ! -s conftest.err
configure:3151: $? = 0
configure:3154: test -s conftest.o
configure:3157: $? = 0
configure:3168: result: yes
configure:3122: checking for memory.h
configure:3138: gcc -c   conftest.c >&5
configure:3144: $? = 0
configure:3148: test -z 
			 || test ! -s conftest.err
configure:3151: $? = 0
configure:3154: test -s conftest.o
configure:3157: $? = 0
configure:3168: result: yes
configure:3122: checking for strings.h
configure:3138: gcc -c   conftest.c >&5
configure:3144: $? = 0
configure:3148: test -z 
			 || test ! -s conftest.err
configure:3151: $? = 0
configure:3154: test -s conftest.o
configure:3157: $? = 0
configure:3168: result: yes
configure:3122: checking for inttypes.h
configure:3138: gcc -c   conftest.c >&5
configure:3144: $? = 0
configure:3148: test -z 
			 || test ! -s conftest.err
configure:3151: $? = 0
configure:3154: test -s conftest.o
configure:3157: $? = 0
configure:3168: result: yes
configure:3122: checking for stdint.h
configure:3138: gcc -c   conftest.c >&5
configure:3144: $? = 0
configure:3148: test -z 
			 || test ! -s conftest.err
configure:3151: $? = 0
configure:3154: test -s conftest.o
configure:3157: $? = 0
configure:3168: result: yes
configure:3122: checking for unistd.h
configure:3138: gcc -c   conftest.c >&5
configure:3144: $? = 0
configure:3148: test -z 
			 || test ! -s conftest.err
configure:3151: $? = 0
configure:3154: test -s conftest.o
configure:3157: $? = 0
configure:3168: result: yes
configure:3181: checking for stdlib.h
configure:3186: result: yes
configure:3389: checking if the compiler understands -pipe
configure:3412: gcc -c  -pipe  conftest.c >&5
configure:3418: $? = 0
configure:3422: test -z 
			 || test ! -s conftest.err
configure:3425: $? = 0
configure:3428: test -s conftest.o
configure:3431: $? = 0
configure:3443: result: yes
configure:3493: checking for pthread_mutex_init in -lpthread
configure:3523: gcc -o conftest  -pipe   conftest.c -lpthread   >&5
configure:3529: $? = 0
configure:3533: test -z 
			 || test ! -s conftest.err
configure:3536: $? = 0
configure:3539: test -s conftest
configure:3542: $? = 0
configure:3555: result: yes
configure:3882: checking for pthread_attr_setstacksize
configure:3939: gcc -o conftest  -pipe   conftest.c   -lpthread >&5
configure:3945: $? = 0
configure:3949: test -z 
			 || test ! -s conftest.err
configure:3952: $? = 0
configure:3955: test -s conftest
configure:3958: $? = 0
configure:3970: result: yes
configure:3882: checking for pthread_atfork
configure:3939: gcc -o conftest  -pipe   conftest.c   -lpthread >&5
configure:3945: $? = 0
configure:3949: test -z 
			 || test ! -s conftest.err
configure:3952: $? = 0
configure:3955: test -s conftest
configure:3958: $? = 0
configure:3970: result: yes
configure:3985: checking for building with threads
configure:3994: result: yes (threaded core)
configure:4012: checking how to build libraries
configure:4022: result: shared
configure:4085: checking for ranlib
configure:4101: found /usr/bin/ranlib
configure:4112: result: ranlib
configure:4128: checking if 64bit support is requested
configure:4137: result: no
configure:4142: checking if 64bit Sparc VIS support is requested
configure:4151: result: no
configure:4162: checking if compiler supports visibility "hidden"
configure:4187: gcc -o conftest  -pipe -Werror   conftest.c  -lpthread >&5
configure:4193: $? = 0
configure:4197: test -z 
			 || test ! -s conftest.err
configure:4200: $? = 0
configure:4203: test -s conftest
configure:4206: $? = 0
configure:4219: result: yes
configure:4239: checking if rpath support is requested
configure:4248: result: yes
configure:4255: checking system version
configure:4286: result: Linux-5.15.0-125-generic
configure:4294: checking for dlopen in -ldl
configure:4324: gcc -o conftest  -pipe   conftest.c -ldl   -lpthread >&5
configure:4330: $? = 0
configure:4334: test -z 
			 || test ! -s conftest.err
configure:4337: $? = 0
configure:4340: test -s conftest
configure:4343: $? = 0
configure:4356: result: yes
configure:4437: checking for ar
configure:4453: found /usr/bin/ar
configure:4463: result: ar
configure:6749: checking for cast to union support
configure:6773: gcc -c  -pipe  conftest.c >&5
configure:6779: $? = 0
configure:6783: test -z 
			 || test ! -s conftest.err
configure:6786: $? = 0
configure:6789: test -s conftest.o
configure:6792: $? = 0
configure:6804: result: yes
configure:6814: checking for working -fno-lto
configure:6835: gcc -c  -pipe -fno-lto  conftest.c >&5
configure:6841: $? = 0
configure:6845: test -z 
			 || test ! -s conftest.err
configure:6848: $? = 0
configure:6851: test -s conftest.o
configure:6854: $? = 0
configure:6866: result: yes
configure:6918: checking for build with symbols
configure:6936: result: no
configure:6980: checking for required early compiler flags
configure:7003: gcc -c  -pipe  conftest.c >&5
configure:7009: $? = 0
configure:7013: test -z 
			 || test ! -s conftest.err
configure:7016: $? = 0
configure:7019: test -s conftest.o
configure:7022: $? = 0
configure:7108: gcc -c  -pipe  conftest.c >&5
conftest.c: In function 'main':
conftest.c:35:15: error: storage size of 'buf' isn't known
   35 | struct stat64 buf; int i = stat64("/", &buf);
      |               ^~~
conftest.c:35:28: warning: implicit declaration of function 'stat64'; did you mean 'stat'? [-Wimplicit-function-declaration]
   35 | struct stat64 buf; int i = stat64("/", &buf);
      |                            ^~~~~~
      |                            stat
configure:7114: $? = 1
configure: failed program was:
| /* confdefs.h.  */
| 
| #define PACKAGE_NAME "tk"
| #define PACKAGE_TARNAME "tk"
| #define PACKAGE_VERSION "8.6"
| #define PACKAGE_STRING "tk 8.6"
| #define PACKAGE_BUGREPORT ""
| #define STDC_HEADERS 1
| #define HAVE_SYS_TYPES_H 1
| #define HAVE_SYS_STAT_H 1
| #define HAVE_STDLIB_H 1
| #define HAVE_STRING_H 1
| #define HAVE_MEMORY_H 1
| #define HAVE_STRINGS_H 1
| #define HAVE_INTTYPES_H 1
| #define HAVE_STDINT_H 1
| #define HAVE_UNISTD_H 1
| #define USE_THREAD_ALLOC 1
| #define _REENTRANT 1
| #define _THREAD_SAFE 1
| #define HAVE_PTHREAD_ATTR_SETSTACKSIZE 1
| #define HAVE_PTHREAD_ATFORK 1
| #define TCL_THREADS 1
| #define MODULE_SCOPE extern __attribute__((__visibility__("hidden")))
| #define HAVE_HIDDEN 1
| #define HAVE_CAST_TO_UNION 1
| #define TCL_SHLIB_EXT ".so"
| #define NDEBUG 1
| #define TCL_CFG_OPTIMIZED 1
| /* end confdefs.h.  */
| #include <sys/stat.h>
| int
| main ()
| {
| struct stat64 buf; int i = stat64("/", &buf);
|   ;
|   return 0;
| }
configure:7151: gcc -c  -pipe  conftest.c >&5
configure:7157: $? = 0
configure:7161: test -z 
			 || test ! -s conftest.err
configure:7164: $? = 0
configure:7167: test -s conftest.o
configure:7170: $? = 0
configure:7213: gcc -c  -pipe  conftest.c >&5
conftest.c: In function 'main':
conftest.c:36:19: error: 'open64' undeclared (first use in this function)
   36 | char *p = (char *)open64;
      |                   ^~~~~~
conftest.c:36:19: note: each undeclared identifier is reported only once for each function it appears in
configure:7219: $? = 1
configure: failed program was:
| /* confdefs.h.  */
| 
| #define PACKAGE_NAME "tk"
| #define PACKAGE_TARNAME "tk"
| #define PACKAGE_VERSION "8.6"
| #define PACKAGE_STRING "tk 8.6"
| #define PACKAGE_BUGREPORT ""
| #define STDC_HEADERS 1
| #define HAVE_SYS_TYPES_H 1
| #define HAVE_SYS_STAT_H 1
| #define HAVE_STDLIB_H 1
| #define HAVE_STRING_H 1
| #define HAVE_MEMORY_H 1
| #define HAVE_STRINGS_H 1
| #define HAVE_INTTYPES_H 1
| #define HAVE_STDINT_H 1
| #define HAVE_UNISTD_H 1
| #define USE_THREAD_ALLOC 1
| #define _REENTRANT 1
| #define _THREAD_SAFE 1
| #define HAVE_PTHREAD_ATTR_SETSTACKSIZE 1
| #define HAVE_PTHREAD_ATFORK 1
| #define TCL_THREADS 1
| #define MODULE_SCOPE extern __attribute__((__visibility__("hidden")))
| #define HAVE_HIDDEN 1
| #define HAVE_CAST_TO_UNION 1
| #define TCL_SHLIB_EXT ".so"
| #define NDEBUG 1
| #define TCL_CFG_OPTIMIZED 1
| #define _LARGEFILE64_SOURCE 1
| /* end confdefs.h.  */
| #include <sys/stat.h>
| int
| main ()
| {
| char *p = (char *)open64;
|   ;
|   return 0;
| }
configure:7256: gcc -c  -pipe  conftest.c >&5
conftest.c: In function 'main':
conftest.c:37:19: error: 'open64' undeclared (first use in this function)
   37 | char *p = (char *)open64;
      |                   ^~~~~~
conftest.c:37:19: note: each undeclared identifier is reported only once for each function it appears in
configure:7262: $? = 1
configure: failed program was:
| /* confdefs.h.  */
| 
| #define PACKAGE_NAME "tk"
| #define PACKAGE_TARNAME "tk"
| #define PACKAGE_VERSION "8.6"
| #define PACKAGE_STRING "tk 8.6"
| #define PACKAGE_BUGREPORT ""
| #define STDC_HEADERS 1
| #define HAVE_SYS_TYPES_H 1
| #define HAVE_SYS_STAT_H 1
| #define HAVE_STDLIB_H 1
| #define HAVE_STRING_H 1
| #define HAVE_MEMORY_H 1
| #define HAVE_STRINGS_H 1
| #define HAVE_INTTYPES_H 1
| #define HAVE_STDINT_H 1
| #define HAVE_UNISTD_H 1
| #define USE_THREAD_ALLOC 1
| #define _REENTRANT 1
| #define _THREAD_SAFE 1
| #define HAVE_PTHREAD_ATTR_SETSTACKSIZE 1
| #define HAVE_PTHREAD_ATFORK 1
| #define TCL_THREADS 1
| #define MODULE_SCOPE extern __attribute__((__visibility__("hidden")))
| #define HAVE_HIDDEN 1
| #define HAVE_CAST_TO_UNION 1
| #define TCL_SHLIB_EXT ".so"
| #define NDEBUG 1
| #define TCL_CFG_OPTIMIZED 1
| #define _LARGEFILE64_SOURCE 1
| /* end confdefs.h.  */
| #define _LARGEFILE_SOURCE64 1
| #include <sys/stat.h>
| int
| main ()
| {
| char *p = (char *)open64;
|   ;
|   return 0;
| }
configure:7302: result:  _LARGEFILE64_SOURCE
configure:7308: checking for 64-bit integer type
configure:7332: gcc -c  -pipe  conftest.c >&5
conftest.c: In function 'main':
conftest.c:36:1: error: unknown type name '__int64'
   36 | __int64 value = (__int64) 0;
      | ^~~~~~~
conftest.c:36:18: error: '__int64' undeclared (first use in this function)
   36 | __int64 value = (__int64) 0;
      |                  ^~~~~~~
conftest.c:36:18: note: each undeclared identifier is reported only once for each function it appears in
conftest.c:36:27: error: expected ',' or ';' before numeric constant
   36 | __int64 value = (__int64) 0;
      |                           ^
configure:7338: $? = 1
configure: failed program was:
| /* confdefs.h.  */
| 
| #define PACKAGE_NAME "tk"
| #define PACKAGE_TARNAME "tk"
| #define PACKAGE_VERSION "8.6"
| #define PACKAGE_STRING "tk 8.6"
| #define PACKAGE_BUGREPORT ""
| #define STDC_HEADERS 1
| #define HAVE_SYS_TYPES_H 1
| #define HAVE_SYS_STAT_H 1
| #define HAVE_STDLIB_H 1
| #define HAVE_STRING_H 1
| #define HAVE_MEMORY_H 1
| #define HAVE_STRINGS_H 1
| #define HAVE_INTTYPES_H 1
| #define HAVE_STDINT_H 1
| #define HAVE_UNISTD_H 1
| #define USE_THREAD_ALLOC 1
| #define _REENTRANT 1
| #define _THREAD_SAFE 1
| #define HAVE_PTHREAD_ATTR_SETSTACKSIZE 1
| #define HAVE_PTHREAD_ATFORK 1
| #define TCL_THREADS 1
| #define MODULE_SCOPE extern __attribute__((__visibility__("hidden")))
| #define HAVE_HIDDEN 1
| #define HAVE_CAST_TO_UNION 1
| #define TCL_SHLIB_EXT ".so"
| #define NDEBUG 1
| #define TCL_CFG_OPTIMIZED 1
| #define _LARGEFILE64_SOURCE 1
| /* end confdefs.h.  */
| 
| int
| main ()
| {
| __int64 value = (__int64) 0;
|   ;
|   return 0;
| }
configure:7382: gcc -c  -pipe  conftest.c >&5
conftest.c: In function 'main':
conftest.c:37:21: error: duplicate case value
   37 |             case 1: case (sizeof(long long)==sizeof(long)): ;
      |                     ^~~~
conftest.c:37:13: note: previously used here
   37 |             case 1: case (sizeof(long long)==sizeof(long)): ;
      |             ^~~~
configure:7388: $? = 1
configure: failed program was:
| /* confdefs.h.  */
| 
| #define PACKAGE_NAME "tk"
| #define PACKAGE_TARNAME "tk"
| #define PACKAGE_VERSION "8.6"
| #define PACKAGE_STRING "tk 8.6"
| #define PACKAGE_BUGREPORT ""
| #define STDC_HEADERS 1
| #define HAVE_SYS_TYPES_H 1
| #define HAVE_SYS_STAT_H 1
| #define HAVE_STDLIB_H 1
| #define HAVE_STRING_H 1
| #define HAVE_MEMORY_H 1
| #define HAVE_STRINGS_H 1
| #define HAVE_INTTYPES_H 1
| #define HAVE_STDINT_H 1
| #define HAVE_UNISTD_H 1
| #define USE_THREAD_ALLOC 1
| #define _REENTRANT 1
| #define _THREAD_SAFE 1
| #define HAVE_PTHREAD_ATTR_SETSTACKSIZE 1
| #define HAVE_PTHREAD_ATFORK 1
| #define TCL_THREADS 1
| #define MODULE_SCOPE extern __attribute__((__visibility__("hidden")))
| #define HAVE_HIDDEN 1
| #define HAVE_CAST_TO_UNION 1
| #define TCL_SHLIB_EXT ".so"
| #define NDEBUG 1
| #define TCL_CFG_OPTIMIZED 1
| #define _LARGEFILE64_SOURCE 1
| /* end confdefs.h.  */
| 
| int
| main ()
| {
| switch (0) {
|             case 1: case (sizeof(long long)==sizeof(long)): ;
|         }
|   ;
|   return 0;
| }
configure:7418: result: using long
configure:7798: checking whether byte ordering is bigendian
configure:7825: gcc -c  -pipe  conftest.c >&5
configure:7831: $? = 0
configure:7835: test -z 
			 || test ! -s conftest.err
configure:7838: $? = 0
configure:7841: test -s conftest.o
configure:7844: $? = 0
configure:7868: gcc -c  -pipe  conftest.c >&5
conftest.c: In function 'main':
conftest.c:40:2: error: unknown type name 'not'; did you mean 'ino_t'?
   40 |  not big endian
      |  ^~~
      |  ino_t
conftest.c:40:10: error: expected '=', ',', ';', 'asm' or '__attribute__' before 'endian'
   40 |  not big endian
      |          ^~~~~~
configure:7874: $? = 1
configure: failed program was:
| /* confdefs.h.  */
| 
| #define PACKAGE_NAME "tk"
| #define PACKAGE_TARNAME "tk"
| #define PACKAGE_VERSION "8.6"
| #define PACKAGE_STRING "tk 8.6"
| #define PACKAGE_BUGREPORT ""
| #define STDC_HEADERS 1
| #define HAVE_SYS_TYPES_H 1
| #define HAVE_SYS_STAT_H 1
| #define HAVE_STDLIB_H 1
| #define HAVE_STRING_H 1
| #define HAVE_MEMORY_H 1
| #define HAVE_STRINGS_H 1
| #define HAVE_INTTYPES_H 1
| #define HAVE_STDINT_H 1
| #define HAVE_UNISTD_H 1
| #define USE_THREAD_ALLOC 1
| #define _REENTRANT 1
| #define _THREAD_SAFE 1
| #define HAVE_PTHREAD_ATTR_SETSTACKSIZE 1
| #define HAVE_PTHREAD_ATFORK 1
| #define TCL_THREADS 1
| #define MODULE_SCOPE extern __attribute__((__visibility__("hidden")))
| #define HAVE_HIDDEN 1
| #define HAVE_CAST_TO_UNION 1
| #define TCL_SHLIB_EXT ".so"
| #define NDEBUG 1
| #define TCL_CFG_OPTIMIZED 1
| #define _LARGEFILE64_SOURCE 1
| #define TCL_WIDE_INT_IS_LONG 1
| /* end confdefs.h.  */
| #include <sys/types.h>
| #include <sys/param.h>
| 
| int
| main ()
| {
| #if BYTE_ORDER != BIG_ENDIAN
|  not big endian
| #endif
| 
|   ;
|   return 0;
| }
configure:8009: result: no
configure:8059: checking for fd_set in sys/types
configure:8081: gcc -c  -pipe  conftest.c >&5
configure:8087: $? = 0
configure:8091: test -z 
			 || test ! -s conftest.err
configure:8094: $? = 0
configure:8097: test -s conftest.o
configure:8100: $? = 0
configure:8111: result: yes
configure:8176: checking sys/time.h usability
configure:8188: gcc -c  -pipe  conftest.c >&5
configure:8194: $? = 0
configure:8198: test -z 
			 || test ! -s conftest.err
configure:8201: $? = 0
configure:8204: test -s conftest.o
configure:8207: $? = 0
configure:8217: result: yes
configure:8221: checking sys/time.h presence
configure:8231: gcc -E  conftest.c
configure:8237: $? = 0
configure:8257: result: yes
configure:8292: checking for sys/time.h
configure:8299: result: yes
configure:8312: checking whether time.h and sys/time.h may both be included
configure:8337: gcc -c  -pipe  conftest.c >&5
configure:8343: $? = 0
configure:8347: test -z 
			 || test ! -s conftest.err
configure:8350: $? = 0
configure:8353: test -s conftest.o
configure:8356: $? = 0
configure:8367: result: yes
configure:8383: checking for mode_t
configure:8407: gcc -c  -pipe  conftest.c >&5
configure:8413: $? = 0
configure:8417: test -z 
			 || test ! -s conftest.err
configure:8420: $? = 0
configure:8423: test -s conftest.o
configure:8426: $? = 0
configure:8437: result: yes
configure:8449: checking for pid_t
configure:8473: gcc -c  -pipe  conftest.c >&5
configure:8479: $? = 0
configure:8483: test -z 
			 || test ! -s conftest.err
configure:8486: $? = 0
configure:8489: test -s conftest.o
configure:8492: $? = 0
configure:8503: result: yes
configure:8515: checking for size_t
configure:8539: gcc -c  -pipe  conftest.c >&5
configure:8545: $? = 0
configure:8549: test -z 
			 || test ! -s conftest.err
configure:8552: $? = 0
configure:8555: test -s conftest.o
configure:8558: $? = 0
configure:8569: result: yes
configure:8581: checking for uid_t in sys/types.h
configure:8604: result: yes
configure:8620: checking for intptr_t
configure:8644: gcc -c  -pipe  conftest.c >&5
configure:8650: $? = 0
configure:8654: test -z 
			 || test ! -s conftest.err
configure:8657: $? = 0
configure:8660: test -s conftest.o
configure:8663: $? = 0
configure:8674: result: yes
configure:8755: checking for uintptr_t
configure:8779: gcc -c  -pipe  conftest.c >&5
configure:8785: $? = 0
configure:8789: test -z 
			 || test ! -s conftest.err
configure:8792: $? = 0
configure:8795: test -s conftest.o
configure:8798: $? = 0
configure:8809: result: yes
configure:8896: checking pw_gecos in struct pwd
configure:8918: gcc -c  -pipe  conftest.c >&5
configure:8924: $? = 0
configure:8928: test -z 
			 || test ! -s conftest.err
configure:8931: $? = 0
configure:8934: test -s conftest.o
configure:8937: $? = 0
configure:8948: result: yes
configure:9461: checking for X
configure:9566: gcc -E  conftest.c
configure:9572: $? = 0
configure:9622: gcc -o conftest  -pipe   -Wl,--export-dynamic  conftest.c -lX11  -lpthread >&5
configure:9628: $? = 0
configure:9632: test -z 
			 || test ! -s conftest.err
configure:9635: $? = 0
configure:9638: test -s conftest
configure:9641: $? = 0
configure:9691: result: libraries , headers 
configure:9706: gcc -E  conftest.c
configure:9712: $? = 0
configure:9941: checking for main in -lXbsd
configure:9965: gcc -o conftest  -pipe   -Wl,--export-dynamic  conftest.c -lXbsd   -lpthread >&5
/usr/bin/ld: cannot find -lXbsd
collect2: error: ld returned 1 exit status
configure:9971: $? = 1
configure: failed program was:
| /* confdefs.h.  */
| 
| #define PACKAGE_NAME "tk"
| #define PACKAGE_TARNAME "tk"
| #define PACKAGE_VERSION "8.6"
| #define PACKAGE_STRING "tk 8.6"
| #define PACKAGE_BUGREPORT ""
| #define STDC_HEADERS 1
| #define HAVE_SYS_TYPES_H 1
| #define HAVE_SYS_STAT_H 1
| #define HAVE_STDLIB_H 1
| #define HAVE_STRING_H 1
| #define HAVE_MEMORY_H 1
| #define HAVE_STRINGS_H 1
| #define HAVE_INTTYPES_H 1
| #define HAVE_STDINT_H 1
| #define HAVE_UNISTD_H 1
| #define USE_THREAD_ALLOC 1
| #define _REENTRANT 1
| #define _THREAD_SAFE 1
| #define HAVE_PTHREAD_ATTR_SETSTACKSIZE 1
| #define HAVE_PTHREAD_ATFORK 1
| #define TCL_THREADS 1
| #define MODULE_SCOPE extern __attribute__((__visibility__("hidden")))
| #define HAVE_HIDDEN 1
| #define HAVE_CAST_TO_UNION 1
| #define TCL_SHLIB_EXT ".so"
| #define NDEBUG 1
| #define TCL_CFG_OPTIMIZED 1
| #define _LARGEFILE64_SOURCE 1
| #define TCL_WIDE_INT_IS_LONG 1
| #define HAVE_SYS_TIME_H 1
| #define TIME_WITH_SYS_TIME 1
| #define HAVE_INTPTR_T 1
| #define HAVE_UINTPTR_T 1
| #define HAVE_PW_GECOS 1
| /* end confdefs.h.  */
| 
| 
| int
| main ()
| {
| main ();
|   ;
|   return 0;
| }
configure:9997: result: no
configure:10088: checking whether to use xft
configure:10111: result: yes
configure:10118: checking for X11/Xft/Xft.h
configure:10134: gcc -c  -pipe  -I/usr/include/uuid -I/usr/include/freetype2 -I/usr/include/libpng16  conftest.c >&5
configure:10140: $? = 0
configure:10144: test -z 
			 || test ! -s conftest.err
configure:10147: $? = 0
configure:10150: test -s conftest.o
configure:10153: $? = 0
configure:10164: result: yes
configure:10184: checking for XftFontOpen in -lXft
configure:10214: gcc -o conftest  -pipe  -I/usr/include/uuid -I/usr/include/freetype2 -I/usr/include/libpng16   -Wl,--export-dynamic  conftest.c -lXft   -lXft -lfontconfig -lfreetype -lX11 >&5
configure:10220: $? = 0
configure:10224: test -z 
			 || test ! -s conftest.err
configure:10227: $? = 0
configure:10230: test -s conftest
configure:10233: $? = 0
configure:10246: result: yes
configure:10269: checking for FcFontSort in -lfontconfig
configure:10299: gcc -o conftest  -pipe  -I/usr/include/uuid -I/usr/include/freetype2 -I/usr/include/libpng16   -Wl,--export-dynamic  conftest.c -lfontconfig   -lXft -lfontconfig -lfreetype -lX11 -lfontconfig >&5
configure:10305: $? = 0
configure:10309: test -z 
			 || test ! -s conftest.err
configure:10312: $? = 0
configure:10315: test -s conftest
configure:10318: $? = 0
configure:10331: result: yes
configure:10378: checking for X11/XKBlib.h
configure:10394: gcc -c  -pipe   conftest.c >&5
configure:10400: $? = 0
configure:10404: test -z 
			 || test ! -s conftest.err
configure:10407: $? = 0
configure:10410: test -s conftest.o
configure:10413: $? = 0
configure:10424: result: yes
configure:10438: checking for XkbKeycodeToKeysym in -lX11
configure:10468: gcc -o conftest  -pipe    -Wl,--export-dynamic  conftest.c -lX11   -lpthread -lX11 >&5
configure:10474: $? = 0
configure:10478: test -z 
			 || test ! -s conftest.err
configure:10481: $? = 0
configure:10484: test -s conftest
configure:10487: $? = 0
configure:10500: result: yes
configure:10531: checking whether XKeycodeToKeysym is deprecated
configure:10555: gcc -o conftest  -pipe -Werror   -Wl,--export-dynamic  conftest.c  -lpthread >&5
conftest.c: In function 'main':
conftest.c:48:2: error: 'XKeycodeToKeysym' is deprecated [-Werror=deprecated-declarations]
   48 |  XKeycodeToKeysym(0,0,0);
      |  ^~~~~~~~~~~~~~~~
In file included from conftest.c:42:
/usr/include/X11/Xlib.h:1687:15: note: declared here
 1687 | extern KeySym XKeycodeToKeysym(
      |               ^~~~~~~~~~~~~~~~
cc1: all warnings being treated as errors
configure:10561: $? = 1
configure: failed program was:
| /* confdefs.h.  */
| 
| #define PACKAGE_NAME "tk"
| #define PACKAGE_TARNAME "tk"
| #define PACKAGE_VERSION "8.6"
| #define PACKAGE_STRING "tk 8.6"
| #define PACKAGE_BUGREPORT ""
| #define STDC_HEADERS 1
| #define HAVE_SYS_TYPES_H 1
| #define HAVE_SYS_STAT_H 1
| #define HAVE_STDLIB_H 1
| #define HAVE_STRING_H 1
| #define HAVE_MEMORY_H 1
| #define HAVE_STRINGS_H 1
| #define HAVE_INTTYPES_H 1
| #define HAVE_STDINT_H 1
| #define HAVE_UNISTD_H 1
| #define USE_THREAD_ALLOC 1
| #define _REENTRANT 1
| #define _THREAD_SAFE 1
| #define HAVE_PTHREAD_ATTR_SETSTACKSIZE 1
| #define HAVE_PTHREAD_ATFORK 1
| #define TCL_THREADS 1
| #define MODULE_SCOPE extern __attribute__((__visibility__("hidden")))
| #define HAVE_HIDDEN 1
| #define HAVE_CAST_TO_UNION 1
| #define TCL_SHLIB_EXT ".so"
| #define NDEBUG 1
| #define TCL_CFG_OPTIMIZED 1
| #define _LARGEFILE64_SOURCE 1
| #define TCL_WIDE_INT_IS_LONG 1
| #define HAVE_SYS_TIME_H 1
| #define TIME_WITH_SYS_TIME 1
| #define HAVE_INTPTR_T 1
| #define HAVE_UINTPTR_T 1
| #define HAVE_PW_GECOS 1
| #define HAVE_LIBXFT 1
| #define HAVE_XFT 1
| #define HAVE_XKBKEYCODETOKEYSYM 1
| /* end confdefs.h.  */
| 
| 	#include <X11/Xlib.h>
| 
| int
| main ()
| {
| 
| 	XKeycodeToKeysym(0,0,0);
| 
|   ;
|   return 0;
| }
configure:10585: result: yes
configure:10615: checking whether to try to use XScreenSaver
configure:10628: result: yes
configure:10630: checking for X11/extensions/scrnsaver.h
configure:10646: gcc -c  -pipe   conftest.c >&5
configure:10652: $? = 0
configure:10656: test -z 
			 || test ! -s conftest.err
configure:10659: $? = 0
configure:10662: test -s conftest.o
configure:10665: $? = 0
configure:10676: result: yes
configure:10685: checking for XScreenSaverQueryInfo
configure:10742: gcc -o conftest  -pipe    -Wl,--export-dynamic  conftest.c  -lpthread -lX11 >&5
/usr/bin/ld: /tmp/cc4BLBQi.o: in function `main':
conftest.c:(.text+0x12): undefined reference to `XScreenSaverQueryInfo'
/usr/bin/ld: /tmp/cc4BLBQi.o:(.data.rel+0x0): undefined reference to `XScreenSaverQueryInfo'
collect2: error: ld returned 1 exit status
configure:10748: $? = 1
configure: failed program was:
| /* confdefs.h.  */
| 
| #define PACKAGE_NAME "tk"
| #define PACKAGE_TARNAME "tk"
| #define PACKAGE_VERSION "8.6"
| #define PACKAGE_STRING "tk 8.6"
| #define PACKAGE_BUGREPORT ""
| #define STDC_HEADERS 1
| #define HAVE_SYS_TYPES_H 1
| #define HAVE_SYS_STAT_H 1
| #define HAVE_STDLIB_H 1
| #define HAVE_STRING_H 1
| #define HAVE_MEMORY_H 1
| #define HAVE_STRINGS_H 1
| #define HAVE_INTTYPES_H 1
| #define HAVE_STDINT_H 1
| #define HAVE_UNISTD_H 1
| #define USE_THREAD_ALLOC 1
| #define _REENTRANT 1
| #define _THREAD_SAFE 1
| #define HAVE_PTHREAD_ATTR_SETSTACKSIZE 1
| #define HAVE_PTHREAD_ATFORK 1
| #define TCL_THREADS 1
| #define MODULE_SCOPE extern __attribute__((__visibility__("hidden")))
| #define HAVE_HIDDEN 1
| #define HAVE_CAST_TO_UNION 1
| #define TCL_SHLIB_EXT ".so"
| #define NDEBUG 1
| #define TCL_CFG_OPTIMIZED 1
| #define _LARGEFILE64_SOURCE 1
| #define TCL_WIDE_INT_IS_LONG 1
| #define HAVE_SYS_TIME_H 1
| #define TIME_WITH_SYS_TIME 1
| #define HAVE_INTPTR_T 1
| #define HAVE_UINTPTR_T 1
| #define HAVE_PW_GECOS 1
| #define HAVE_LIBXFT 1
| #define HAVE_XFT 1
| #define HAVE_XKBKEYCODETOKEYSYM 1
| #define XKEYCODETOKEYSYM_IS_DEPRECATED 1
| /* end confdefs.h.  */
| /* Define XScreenSaverQueryInfo to an innocuous variant, in case <limits.h> declares XScreenSaverQueryInfo.
|    For example, HP-UX 11i <limits.h> declares gettimeofday.  */
| #define XScreenSaverQueryInfo innocuous_XScreenSaverQueryInfo
| 
| /* System header to define __stub macros and hopefully few prototypes,
|     which can conflict with char XScreenSaverQueryInfo (); below.
|     Prefer <limits.h> to <assert.h> if __STDC__ is defined, since
|     <limits.h> exists even on freestanding compilers.  */
| 
| #ifdef __STDC__
| # include <limits.h>
| #else
| # include <assert.h>
| #endif
| 
| #undef XScreenSaverQueryInfo
| 
| /* Override any gcc2 internal prototype to avoid an error.  */
| #ifdef __cplusplus
| extern "C"
| {
| #endif
| /* We use char because int might match the return type of a gcc2
|    builtin and then its argument prototype would still apply.  */
| char XScreenSaverQueryInfo ();
| /* The GNU C library defines this for functions which it implements
|     to always fail with ENOSYS.  Some functions are actually named
|     something starting with __ and the normal name is an alias.  */
| #if defined (__stub_XScreenSaverQueryInfo) || defined (__stub___XScreenSaverQueryInfo)
| choke me
| #else
| char (*f) () = XScreenSaverQueryInfo;
| #endif
| #ifdef __cplusplus
| }
| #endif
| 
| int
| main ()
| {
| return f != XScreenSaverQueryInfo;
|   ;
|   return 0;
| }
configure:10773: result: no
configure:10779: checking for XScreenSaverQueryInfo in -lXext
configure:10809: gcc -o conftest  -pipe    -Wl,--export-dynamic  conftest.c -lXext   -lpthread -lX11 >&5
/usr/bin/ld: /tmp/ccwPQoSA.o: in function `main':
conftest.c:(.text+0xe): undefined reference to `XScreenSaverQueryInfo'
collect2: error: ld returned 1 exit status
configure:10815: $? = 1
configure: failed program was:
| /* confdefs.h.  */
| 
| #define PACKAGE_NAME "tk"
| #define PACKAGE_TARNAME "tk"
| #define PACKAGE_VERSION "8.6"
| #define PACKAGE_STRING "tk 8.6"
| #define PACKAGE_BUGREPORT ""
| #define STDC_HEADERS 1
| #define HAVE_SYS_TYPES_H 1
| #define HAVE_SYS_STAT_H 1
| #define HAVE_STDLIB_H 1
| #define HAVE_STRING_H 1
| #define HAVE_MEMORY_H 1
| #define HAVE_STRINGS_H 1
| #define HAVE_INTTYPES_H 1
| #define HAVE_STDINT_H 1
| #define HAVE_UNISTD_H 1
| #define USE_THREAD_ALLOC 1
| #define _REENTRANT 1
| #define _THREAD_SAFE 1
| #define HAVE_PTHREAD_ATTR_SETSTACKSIZE 1
| #define HAVE_PTHREAD_ATFORK 1
| #define TCL_THREADS 1
| #define MODULE_SCOPE extern __attribute__((__visibility__("hidden")))
| #define HAVE_HIDDEN 1
| #define HAVE_CAST_TO_UNION 1
| #define TCL_SHLIB_EXT ".so"
| #define NDEBUG 1
| #define TCL_CFG_OPTIMIZED 1
| #define _LARGEFILE64_SOURCE 1
| #define TCL_WIDE_INT_IS_LONG 1
| #define HAVE_SYS_TIME_H 1
| #define TIME_WITH_SYS_TIME 1
| #define HAVE_INTPTR_T 1
| #define HAVE_UINTPTR_T 1
| #define HAVE_PW_GECOS 1
| #define HAVE_LIBXFT 1
| #define HAVE_XFT 1
| #define HAVE_XKBKEYCODETOKEYSYM 1
| #define XKEYCODETOKEYSYM_IS_DEPRECATED 1
| /* end confdefs.h.  */
| 
| /* Override any gcc2 internal prototype to avoid an error.  */
| #ifdef __cplusplus
| extern "C"
| #endif
| /* We use char because int might match the return type of a gcc2
|    builtin and then its argument prototype would still apply.  */
| char XScreenSaverQueryInfo ();
| int
| main ()
| {
| XScreenSaverQueryInfo ();
|   ;
|   return 0;
| }
configure:10841: result: no
configure:10850: checking for XScreenSaverQueryInfo in -lXss
configure:10880: gcc -o conftest  -pipe    -Wl,--export-dynamic  conftest.c -lXss -lXext  -lpthread -lX11 >&5
configure:10886: $? = 0
configure:10890: test -z 
			 || test ! -s conftest.err
configure:10893: $? = 0
configure:10896: test -s conftest
configure:10899: $? = 0
configure:10912: result: yes
configure:10951: checking whether char is unsigned
configure:10974: gcc -c  -pipe  conftest.c >&5
configure:10980: $? = 0
configure:10984: test -z 
			 || test ! -s conftest.err
configure:10987: $? = 0
configure:10990: test -s conftest.o
configure:10993: $? = 0
configure:11004: result: no
configure:11378: creating ./config.status

## ---------------------- ##
## Running config.status. ##
## ---------------------- ##

This file was extended by tk config.status 8.6, which was
generated by GNU Autoconf 2.59.  Invocation command line was

  CONFIG_FILES    = 
  CONFIG_HEADERS  = 
  CONFIG_LINKS    = 
  CONFIG_COMMANDS = 
  $ ./config.status 

on manuel-Latitude-E6420

config.status:727: creating Makefile
config.status:727: creating tkConfig.sh
config.status:727: creating tk.pc

## ---------------- ##
## Cache variables. ##
## ---------------- ##

ac_cv_c_bigendian=no
ac_cv_c_char_unsigned=no
ac_cv_c_compiler_gnu=yes
ac_cv_c_inline=inline
ac_cv_c_tclconfig='/home/manuel/Diseño De Compiladores/tp/tcl8.6.13/unix'
ac_cv_env_CC_set=
ac_cv_env_CC_value=
ac_cv_env_CFLAGS_set=
ac_cv_env_CFLAGS_value=
ac_cv_env_CPPFLAGS_set=
ac_cv_env_CPPFLAGS_value=
ac_cv_env_CPP_set=
ac_cv_env_CPP_value=
ac_cv_env_LDFLAGS_set=
ac_cv_env_LDFLAGS_value=
ac_cv_env_build_alias_set=
ac_cv_env_build_alias_value=
ac_cv_env_host_alias_set=
ac_cv_env_host_alias_value=
ac_cv_env_target_alias_set=
ac_cv_env_target_alias_value=
ac_cv_exeext=
ac_cv_func_XScreenSaverQueryInfo=no
ac_cv_func_pthread_atfork=yes
ac_cv_func_pthread_attr_setstacksize=yes
ac_cv_have_x='have_x=yes 		ac_x_includes= ac_x_libraries='
ac_cv_header_X11_XKBlib_h=yes
ac_cv_header_X11_Xft_Xft_h=yes
ac_cv_header_X11_extensions_scrnsaver_h=yes
ac_cv_header_inttypes_h=yes
ac_cv_header_memory_h=yes
ac_cv_header_stdc=yes
ac_cv_header_stdint_h=yes
ac_cv_header_stdlib_h=yes
ac_cv_header_string_h=yes
ac_cv_header_strings_h=yes
ac_cv_header_sys_stat_h=yes
ac_cv_header_sys_time_h=yes
ac_cv_header_sys_types_h=yes
ac_cv_header_time=yes
ac_cv_header_unistd_h=yes
ac_cv_lib_X11_XkbKeycodeToKeysym=yes
ac_cv_lib_Xbsd_main=no
ac_cv_lib_Xext_XScreenSaverQueryInfo=no
ac_cv_lib_Xft_XftFontOpen=yes
ac_cv_lib_Xss_XScreenSaverQueryInfo=yes
ac_cv_lib_dl_dlopen=yes
ac_cv_lib_fontconfig_FcFontSort=yes
ac_cv_lib_pthread_pthread_mutex_init=yes
ac_cv_nolto=yes
ac_cv_objext=o
ac_cv_path_tclsh=/usr/bin/tclsh8.6
ac_cv_prog_CPP='gcc -E'
ac_cv_prog_ac_ct_AR=ar
ac_cv_prog_ac_ct_CC=gcc
ac_cv_prog_ac_ct_RANLIB=ranlib
ac_cv_prog_cc_g=yes
ac_cv_prog_cc_stdc=
ac_cv_prog_egrep='grep -E'
ac_cv_type_intptr_t=yes
ac_cv_type_mode_t=yes
ac_cv_type_pid_t=yes
ac_cv_type_size_t=yes
ac_cv_type_uid_t=yes
ac_cv_type_uintptr_t=yes
tcl_cv_cast_to_union=yes
tcl_cv_cc_pipe=yes
tcl_cv_cc_visibility_hidden=yes
tcl_cv_flag__isoc99_source=no
tcl_cv_flag__largefile64_source=yes
tcl_cv_flag__largefile_source64=no
tcl_cv_pwd_pw_gecos=yes
tcl_cv_sys_version=Linux-5.15.0-125-generic
tcl_cv_type_64bit=none
tcl_cv_type_fd_set=yes

## ----------------- ##
## Output variables. ##
## ----------------- ##

APP_RSRC_FILE=''
AR='ar'
BUILD_TCLSH='/home/manuel/Diseño De Compiladores/tp/tcl8.6.13/unix/tclsh'
CC='gcc'
CC_SEARCH_FLAGS='"-Wl,-rpath,${LIB_RUNTIME_DIR}"'
CFBUNDLELOCALIZATIONS=''
CFLAGS=' -pipe '
CFLAGS_DEBUG='-g'
CFLAGS_DEFAULT='$(CFLAGS_OPTIMIZE)'
CFLAGS_NOLTO='-fno-lto'
CFLAGS_OPTIMIZE='-O2'
CFLAGS_WARNING='-Wall -Wpointer-arith'
CPP='gcc -E'
CPPFLAGS=''
DEFS='-DPACKAGE_NAME=\"tk\" -DPACKAGE_TARNAME=\"tk\" -DPACKAGE_VERSION=\"8.6\" -DPACKAGE_STRING=\"tk\ 8.6\" -DPACKAGE_BUGREPORT=\"\" -DSTDC_HEADERS=1 -DHAVE_SYS_TYPES_H=1 -DHAVE_SYS_STAT_H=1 -DHAVE_STDLIB_H=1 -DHAVE_STRING_H=1 -DHAVE_MEMORY_H=1 -DHAVE_STRINGS_H=1 -DHAVE_INTTYPES_H=1 -DHAVE_STDINT_H=1 -DHAVE_UNISTD_H=1 -DUSE_THREAD_ALLOC=1 -D_REENTRANT=1 -D_THREAD_SAFE=1 -DHAVE_PTHREAD_ATTR_SETSTACKSIZE=1 -DHAVE_PTHREAD_ATFORK=1 -DTCL_THREADS=1 -DMODULE_SCOPE=extern\ __attribute__\(\(__visibility__\(\"hidden\"\)\)\) -DHAVE_HIDDEN=1 -DHAVE_CAST_TO_UNION=1 -DTCL_SHLIB_EXT=\".so\" -DNDEBUG=1 -DTCL_CFG_OPTIMIZED=1 -D_LARGEFILE64_SOURCE=1 -DTCL_WIDE_INT_IS_LONG=1 -DHAVE_SYS_TIME_H=1 -DTIME_WITH_SYS_TIME=1 -DHAVE_INTPTR_T=1 -DHAVE_UINTPTR_T=1 -DHAVE_PW_GECOS=1 -DHAVE_LIBXFT=1 -DHAVE_XFT=1 -DHAVE_XKBKEYCODETOKEYSYM=1 -DXKEYCODETOKEYSYM_IS_DEPRECATED=1 -DHAVE_XSS=1 '
DLL_INSTALL_DIR='$(LIB_INSTALL_DIR)'
DL_LIBS='-ldl'
DL_OBJS='tclLoadDl.o'
ECHO_C=''
ECHO_N='-n'
ECHO_T=''
EGREP='grep -E'
EXEEXT=''
EXTRA_APP_CC_SWITCHES=''
EXTRA_BUILD_HTML=''
EXTRA_CC_SWITCHES=''
EXTRA_INSTALL=''
EXTRA_INSTALL_BINARIES=''
EXTRA_WISH_LIBS=''
HTML_DIR='$(DISTDIR)/html'
INSTALL_LIB='$(INSTALL_LIBRARY) $(LIB_FILE) "$(LIB_INSTALL_DIR)/$(LIB_FILE)"'
INSTALL_STUB_LIB='$(INSTALL_LIBRARY) $(STUB_LIB_FILE) "$(LIB_INSTALL_DIR)/$(STUB_LIB_FILE)"'
LDAIX_SRC=''
LDFLAGS=' -Wl,--export-dynamic '
LDFLAGS_DEBUG=''
LDFLAGS_DEFAULT='$(LDFLAGS_OPTIMIZE)'
LDFLAGS_OPTIMIZE=''
LD_LIBRARY_PATH_VAR='LD_LIBRARY_PATH'
LD_SEARCH_FLAGS='"-Wl,-rpath,${LIB_RUNTIME_DIR}"'
LIBOBJS=''
LIBS=' -lpthread'
LIB_RSRC_FILE=''
LIB_RUNTIME_DIR='$(libdir)'
LOCALES='cs da de el en en_gb eo es fr hu it nl pl pt ru sv'
LTLIBOBJS=''
MAKE_LIB='${SHLIB_LD} -o $@ ${OBJS} ${LDFLAGS} ${SHLIB_LD_LIBS} ${TCL_SHLIB_LD_EXTRAS} ${TK_SHLIB_LD_EXTRAS} ${LD_SEARCH_FLAGS}'
MAKE_STUB_LIB='${STLIB_LD} $@ ${STUB_LIB_OBJS} ; ${RANLIB} $@'
MAN_FLAGS=''
OBJEXT='o'
PACKAGE_BUGREPORT=''
PACKAGE_NAME='tk'
PACKAGE_STRING='tk 8.6'
PACKAGE_TARNAME='tk'
PACKAGE_VERSION='8.6'
PATH_SEPARATOR=':'
PLAT_OBJS=''
PLAT_SRCS=''
PRIVATE_INCLUDE_DIR='$(includedir)'
RANLIB='ranlib'
REZ=''
REZ_FLAGS=''
SHARED_BUILD='1'
SHELL='/bin/bash'
SHLIB_CFLAGS='-fPIC'
SHLIB_LD='${CC} ${CFLAGS} ${LDFLAGS} -shared'
SHLIB_LD_LIBS='${LIBS} ${TCL_STUB_LIB_SPEC}'
SHLIB_SUFFIX='.so'
STLIB_LD='${AR} cr'
TCLSH_PROG='/usr/bin/tclsh8.6'
TCL_BIN_DIR='/home/manuel/Diseño De Compiladores/tp/tcl8.6.13/unix'
TCL_LIBS='-ldl -lz  -lpthread -lm'
TCL_LIB_FILE='libtcl8.6.so'
TCL_LIB_FLAG='-ltcl8.6'
TCL_LIB_SPEC='-L/home/manuel/Diseño\ De\ Compiladores/tp/tcl8.6.13/unix -ltcl8.6'
TCL_PATCH_LEVEL='.13'
TCL_SHLIB_LD_EXTRAS=''
TCL_SRC_DIR='/home/manuel/Diseño De Compiladores/tp/tcl8.6.13'
TCL_STUB_FLAGS='-DUSE_TCL_STUBS'
TCL_STUB_LIB_FILE='libtclstub8.6.a'
TCL_STUB_LIB_FLAG='-ltclstub8.6'
TCL_STUB_LIB_SPEC='-L/home/manuel/Diseño\ De\ Compiladores/tp/tcl8.6.13/unix -ltclstub8.6'
TCL_THREADS='1'
TCL_VERSION='8.6'
TK_BUILD_LIB_SPEC='-L/home/manuel/Diseño\ De\ Compiladores/tp/tk8.6.13/unix -ltk8.6'
TK_BUILD_STUB_LIB_PATH='/home/manuel/Diseño De Compiladores/tp/tk8.6.13/unix/libtkstub8.6.a'
TK_BUILD_STUB_LIB_SPEC='-L/home/manuel/Diseño\ De\ Compiladores/tp/tk8.6.13/unix -ltkstub8.6'
TK_INCLUDE_SPEC='-I/usr/local/include'
TK_LIBRARY='$(prefix)/lib/tk$(VERSION)'
TK_LIB_FILE='libtk8.6.so'
TK_LIB_FLAG='-ltk8.6'
TK_LIB_SPEC='-L/usr/local/lib -ltk8.6'
TK_MAJOR_VERSION='8'
TK_MINOR_VERSION='6'
TK_PATCH_LEVEL='.13'
TK_PKG_DIR='tk$(VERSION)'
TK_RSRC_FILE='tk$(VERSION).rsrc'
TK_SHARED_BUILD='1'
TK_SHLIB_LD_EXTRAS=''
TK_SRC_DIR='/home/manuel/Diseño De Compiladores/tp/tk8.6.13'
TK_STUB_LIB_FILE='libtkstub8.6.a'
TK_STUB_LIB_FLAG='-ltkstub8.6'
TK_STUB_LIB_PATH='/usr/local/lib/libtkstub8.6.a'
TK_STUB_LIB_SPEC='-L/usr/local/lib -ltkstub8.6'
TK_VERSION='8.6'
TK_WINDOWINGSYSTEM='X11'
TK_YEAR=''
UNIX_FONT_OBJS='tkUnixRFont.o'
WISH_RSRC_FILE='wish$(VERSION).rsrc'
XFT_CFLAGS='-I/usr/include/uuid -I/usr/include/freetype2 -I/usr/include/libpng16'
XFT_LIBS='-lXft -lfontconfig -lfreetype -lfontconfig'
XINCLUDES=''
XLIBSW='-lX11 -lXss -lXext'
ac_ct_AR='ar'
ac_ct_CC='gcc'
ac_ct_RANLIB='ranlib'
bindir='${exec_prefix}/bin'
build_alias=''
datadir='${prefix}/share'
exec_prefix='/usr/local'
host_alias=''
includedir='${prefix}/include'
infodir='${prefix}/info'
libdir='/usr/local/lib'
libexecdir='${exec_prefix}/libexec'
localstatedir='${prefix}/var'
mandir='${prefix}/man'
oldincludedir='/usr/include'
prefix='/usr/local'
program_transform_name='s,x,x,'
sbindir='${exec_prefix}/sbin'
sharedstatedir='${prefix}/com'
sysconfdir='${prefix}/etc'
target_alias=''

## ----------- ##
## confdefs.h. ##
## ----------- ##

#define HAVE_CAST_TO_UNION 1
#define HAVE_HIDDEN 1
#define HAVE_INTPTR_T 1
#define HAVE_INTTYPES_H 1
#define HAVE_LIBXFT 1
#define HAVE_MEMORY_H 1
#define HAVE_PTHREAD_ATFORK 1
#define HAVE_PTHREAD_ATTR_SETSTACKSIZE 1
#define HAVE_PW_GECOS 1
#define HAVE_STDINT_H 1
#define HAVE_STDLIB_H 1
#define HAVE_STRINGS_H 1
#define HAVE_STRING_H 1
#define HAVE_SYS_STAT_H 1
#define HAVE_SYS_TIME_H 1
#define HAVE_SYS_TYPES_H 1
#define HAVE_UINTPTR_T 1
#define HAVE_UNISTD_H 1
#define HAVE_XFT 1
#define HAVE_XKBKEYCODETOKEYSYM 1
#define HAVE_XSS 1
#define MODULE_SCOPE extern __attribute__((__visibility__("hidden")))
#define NDEBUG 1
#define PACKAGE_BUGREPORT ""
#define PACKAGE_NAME "tk"
#define PACKAGE_STRING "tk 8.6"
#define PACKAGE_TARNAME "tk"
#define PACKAGE_VERSION "8.6"
#define STDC_HEADERS 1
#define TCL_CFG_OPTIMIZED 1
#define TCL_SHLIB_EXT ".so"
#define TCL_THREADS 1
#define TCL_WIDE_INT_IS_LONG 1
#define TIME_WITH_SYS_TIME 1
#define USE_THREAD_ALLOC 1
#define XKEYCODETOKEYSYM_IS_DEPRECATED 1
#define _LARGEFILE64_SOURCE 1
#define _REENTRANT 1
#define _THREAD_SAFE 1

configure: exit 0
